[0mGET / [32m200[0m 173.768 ms - 4617[0m
[0mGET /css/home.css [32m200[0m 7.205 ms - 222[0m
[0mGET /css/layout.css [32m200[0m 6.410 ms - 66[0m
[0mGET /css/header.css [32m200[0m 6.741 ms - 466[0m
[0mGET /css/footer.css [32m200[0m 7.018 ms - 382[0m
[0mGET /js/home_comment.js [32m200[0m 7.422 ms - 2972[0m
[0mGET /js/home_post.js [32m200[0m 7.664 ms - 3408[0m
[0mGET /js/home_likes.js [32m200[0m 7.114 ms - 1105[0m
[0mGET /js/chat_engine.js [32m200[0m 4.629 ms - 3158[0m
[0mGET /js/layout.js [32m200[0m 5.140 ms - 526[0m
[0mGET /favicon.ico [33m404[0m 17.606 ms - 150[0m
[0mGET / [36m304[0m 18.131 ms - -[0m
[0mGET /css/home.css [36m304[0m 2.152 ms - -[0m
[0mGET /css/layout.css [36m304[0m 4.780 ms - -[0m
[0mGET /css/header.css [36m304[0m 4.796 ms - -[0m
[0mGET /css/footer.css [36m304[0m 2.176 ms - -[0m
[0mGET /js/home_comment.js [36m304[0m 2.026 ms - -[0m
[0mGET /js/home_post.js [36m304[0m 2.050 ms - -[0m
[0mGET /js/home_likes.js [36m304[0m 2.047 ms - -[0m
[0mGET /js/chat_engine.js [36m304[0m 2.149 ms - -[0m
[0mGET /js/layout.js [36m304[0m 0.437 ms - -[0m
