[0mGET /css/home.css [32m200[0m 10.154 ms - 222[0m
[0mGET /css/layout.css [32m200[0m 7.228 ms - 66[0m
[0mGET /css/header.css [32m200[0m 7.375 ms - 466[0m
[0mGET /css/footer.css [32m200[0m 7.692 ms - 382[0m
[0mGET /js/home_comment.js [32m200[0m 7.859 ms - 2972[0m
[0mGET /js/home_post.js [32m200[0m 5.160 ms - 3408[0m
[0mGET /js/home_likes.js [32m200[0m 4.167 ms - 1105[0m
[0mGET /js/chat_engine.js [32m200[0m 4.836 ms - 3158[0m
[0mGET / [32m200[0m 245.252 ms - 4617[0m
[0mGET /js/layout.js [32m200[0m 5.336 ms - 526[0m
[0mGET /favicon.ico [33m404[0m 7.276 ms - 150[0m
[0mGET / [36m304[0m 16.434 ms - -[0m
[0mGET /css/home.css [36m304[0m 9.446 ms - -[0m
[0mGET /css/layout.css [36m304[0m 10.543 ms - -[0m
[0mGET /css/header.css [36m304[0m 8.293 ms - -[0m
[0mGET /css/footer.css [36m304[0m 6.203 ms - -[0m
[0mGET /js/home_comment.js [36m304[0m 6.261 ms - -[0m
[0mGET /js/home_post.js [36m304[0m 0.777 ms - -[0m
[0mGET /js/home_likes.js [36m304[0m 0.708 ms - -[0m
[0mGET /js/chat_engine.js [36m304[0m 0.720 ms - -[0m
[0mGET /js/layout.js [36m304[0m 0.761 ms - -[0m
[0mGET / [36m304[0m 11.749 ms - -[0m
[0mGET /css/home.css [36m304[0m 1.477 ms - -[0m
[0mGET /css/layout.css [36m304[0m 1.597 ms - -[0m
[0mGET /css/header.css [36m304[0m 4.945 ms - -[0m
[0mGET /css/footer.css [36m304[0m 3.611 ms - -[0m
[0mGET /js/home_comment.js [36m304[0m 1.831 ms - -[0m
[0mGET /js/home_post.js [36m304[0m 2.194 ms - -[0m
[0mGET /js/home_likes.js [36m304[0m 2.143 ms - -[0m
[0mGET /js/chat_engine.js [36m304[0m 1.605 ms - -[0m
[0mGET /js/layout.js [36m304[0m 1.608 ms - -[0m
[0mGET / [36m304[0m 11.897 ms - -[0m
[0mGET /css/home.css [36m304[0m 1.067 ms - -[0m
[0mGET /css/layout.css [36m304[0m 2.925 ms - -[0m
[0mGET /css/header.css [36m304[0m 2.763 ms - -[0m
[0mGET /css/footer.css [36m304[0m 1.841 ms - -[0m
[0mGET /js/home_comment.js [36m304[0m 1.773 ms - -[0m
[0mGET /js/home_likes.js [36m304[0m 2.356 ms - -[0m
[0mGET /js/home_post.js [36m304[0m 3.515 ms - -[0m
[0mGET /js/chat_engine.js [36m304[0m 1.220 ms - -[0m
[0mGET /js/layout.js [36m304[0m 1.365 ms - -[0m
[0mGET / [36m304[0m 143.891 ms - -[0m
[0mGET /css/home.css [36m304[0m 1.514 ms - -[0m
[0mGET /css/layout.css [36m304[0m 4.458 ms - -[0m
[0mGET /css/header.css [36m304[0m 5.714 ms - -[0m
[0mGET /js/home_comment.js [36m304[0m 3.002 ms - -[0m
[0mGET /css/footer.css [36m304[0m 5.662 ms - -[0m
[0mGET /js/home_post.js [36m304[0m 3.989 ms - -[0m
[0mGET /js/home_likes.js [36m304[0m 2.228 ms - -[0m
[0mGET /js/chat_engine.js [36m304[0m 2.087 ms - -[0m
[0mGET /js/layout.js [36m304[0m 0.873 ms - -[0m
[0mGET / [36m304[0m 23.168 ms - -[0m
[0mGET /css/home.css [36m304[0m 4.870 ms - -[0m
[0mGET /css/layout.css [36m304[0m 5.306 ms - -[0m
[0mGET /css/header.css [36m304[0m 5.888 ms - -[0m
[0mGET /css/footer.css [36m304[0m 7.783 ms - -[0m
[0mGET /js/home_comment.js [36m304[0m 7.629 ms - -[0m
[0mGET /js/home_post.js [36m304[0m 2.300 ms - -[0m
[0mGET /js/home_likes.js [36m304[0m 1.462 ms - -[0m
[0mGET /js/chat_engine.js [36m304[0m 1.272 ms - -[0m
[0mGET /js/layout.js [36m304[0m 4.246 ms - -[0m
[0mGET / [36m304[0m 41.979 ms - -[0m
[0mGET /css/home.css [33m404[0m 5.803 ms - 151[0m
[0mGET /css/layout.css [33m404[0m 12.224 ms - 153[0m
[0mGET /js/home_comment.js [33m404[0m 7.539 ms - 157[0m
[0mGET /js/home_post.js [33m404[0m 17.592 ms - 154[0m
[0mGET /js/chat_engine.js [33m404[0m 5.147 ms - 156[0m
[0mGET /css/header.css [33m404[0m 28.919 ms - 153[0m
[0mGET /js/layout.js [33m404[0m 6.119 ms - 151[0m
[0mGET /css/footer.css [33m404[0m 38.300 ms - 153[0m
[0mGET /js/home_likes.js [33m404[0m 31.756 ms - 155[0m
[0mGET / [36m304[0m 21.093 ms - -[0m
[0mGET /css/home.css [33m404[0m 9.642 ms - 151[0m
[0mGET /css/layout.css [33m404[0m 13.817 ms - 153[0m
[0mGET /css/header.css [33m404[0m 13.380 ms - 153[0m
[0mGET /css/footer.css [33m404[0m 13.203 ms - 153[0m
[0mGET /js/home_comment.js [33m404[0m 13.817 ms - 157[0m
[0mGET /js/home_post.js [33m404[0m 16.627 ms - 154[0m
[0mGET /js/chat_engine.js [33m404[0m 7.760 ms - 156[0m
[0mGET /js/home_likes.js [33m404[0m 6.381 ms - 155[0m
[0mGET /js/layout.js [33m404[0m 7.070 ms - 151[0m
[0mGET /css/layout.css [33m404[0m 4.211 ms - 153[0m
[0mGET /css/header.css [33m404[0m 6.447 ms - 153[0m
[0mGET /css/footer.css [33m404[0m 8.596 ms - 153[0m
[0mGET /css/home.css [33m404[0m 4.605 ms - 151[0m
[0mGET /css/layout.css [33m404[0m 5.122 ms - 153[0m
[0mGET /css/header.css [33m404[0m 5.700 ms - 153[0m
[0mGET /css/footer.css [33m404[0m 7.589 ms - 153[0m
[0mGET / [36m304[0m 25.278 ms - -[0m
[0mGET /css/home.css [33m404[0m 4.143 ms - 151[0m
[0mGET /css/layout.css [33m404[0m 10.725 ms - 153[0m
[0mGET /css/header.css [33m404[0m 11.802 ms - 153[0m
[0mGET /css/footer.css [33m404[0m 12.034 ms - 153[0m
[0mGET /js/home_comment.js [33m404[0m 16.690 ms - 157[0m
[0mGET /js/chat_engine.js [33m404[0m 17.802 ms - 156[0m
[0mGET /js/home_post.js [33m404[0m 20.311 ms - 154[0m
[0mGET /js/home_likes.js [33m404[0m 9.362 ms - 155[0m
[0mGET /js/layout.js [33m404[0m 10.244 ms - 151[0m
[0mGET /css/layout.css [33m404[0m 5.164 ms - 153[0m
[0mGET /css/header.css [33m404[0m 7.578 ms - 153[0m
[0mGET /css/footer.css [33m404[0m 9.981 ms - 153[0m
[0mGET / [32m200[0m 54.558 ms - 4628[0m
[0mGET /css/home.css [33m404[0m 18.489 ms - 151[0m
[0mGET /css/layout-304d407825.css [32m200[0m 28.046 ms - 66[0m
[0mGET /js/home_comment.js [33m404[0m 16.852 ms - 157[0m
[0mGET /css/header.css [33m404[0m 30.244 ms - 153[0m
[0mGET /css/footer.css [33m404[0m 35.066 ms - 153[0m
[0mGET /js/home_post.js [33m404[0m 17.623 ms - 154[0m
[0mGET /js/home_likes.js [33m404[0m 23.599 ms - 155[0m
[0mGET /js/chat_engine.js [33m404[0m 15.964 ms - 156[0m
[0mGET /js/layout.js [33m404[0m 17.704 ms - 151[0m
[0mGET /css/header.css [33m404[0m 3.332 ms - 153[0m
[0mGET /css/footer.css [33m404[0m 5.990 ms - 153[0m
[0mGET / [31m500[0m 27.153 ms - 1241[0m
[0mGET / [32m200[0m 69.418 ms - 4650[0m
[0mGET /css/home.css [33m404[0m 4.867 ms - 151[0m
[0mGET /css/layout-304d407825.css [36m304[0m 6.397 ms - -[0m
[0mGET /css/header-8a270c3bd9.css [32m200[0m 15.967 ms - 466[0m
[0mGET /css/footer-b1db247a46.css [32m200[0m 16.029 ms - 382[0m
[0mGET /js/home_comment.js [33m404[0m 16.403 ms - 157[0m
[0mGET /js/home_post.js [33m404[0m 18.157 ms - 154[0m
[0mGET /js/home_likes.js [33m404[0m 15.385 ms - 155[0m
[0mGET /js/chat_engine.js [33m404[0m 15.902 ms - 156[0m
[0mGET /js/layout.js [33m404[0m 14.338 ms - 151[0m
[0mGET / [32m200[0m 55.849 ms - 4661[0m
[0mGET /css/layout-304d407825.css [36m304[0m 7.656 ms - -[0m
[0mGET /css/header-8a270c3bd9.css [36m304[0m 7.570 ms - -[0m
[0mGET /css/footer-b1db247a46.css [36m304[0m 7.643 ms - -[0m
[0mGET /css/home-8965d79b66.css [32m200[0m 18.409 ms - 222[0m
[0mGET /js/home_comment.js [33m404[0m 19.592 ms - 157[0m
[0mGET /js/home_likes.js [33m404[0m 14.121 ms - 155[0m
[0mGET /js/home_post.js [33m404[0m 25.671 ms - 154[0m
[0mGET /js/chat_engine.js [33m404[0m 24.008 ms - 156[0m
[0mGET /js/layout.js [33m404[0m 27.971 ms - 151[0m
[0mGET / [32m200[0m 27.583 ms - 4631[0m
[0mGET /css/home-8965d79b66.css [36m304[0m 5.344 ms - -[0m
[0mGET /css/layout-304d407825.css [36m304[0m 0.912 ms - -[0m
[0mGET /css/header-8a270c3bd9.css [36m304[0m 2.748 ms - -[0m
[0mGET /css/footer-b1db247a46.css [36m304[0m 2.816 ms - -[0m
[0mGET /undefined [33m404[0m 8.448 ms - 148[0m
[0mGET /js/layout.js [33m404[0m 7.722 ms - 151[0m
[0mGET /undefined [33m404[0m 6.951 ms - 148[0m
[0mGET /undefined [33m404[0m 3.025 ms - 148[0m
[0mGET /undefined [33m404[0m 4.441 ms - 148[0m
[0mGET / [32m200[0m 25.217 ms - 4705[0m
[0mGET /css/home-8965d79b66.css [36m304[0m 1.041 ms - -[0m
[0mGET /css/layout-304d407825.css [36m304[0m 3.393 ms - -[0m
[0mGET /js/home_comment-2fd757c0ba.js [32m200[0m 13.801 ms - 1404[0m
[0mGET /css/header-8a270c3bd9.css [36m304[0m 6.657 ms - -[0m
[0mGET /css/footer-b1db247a46.css [36m304[0m 7.443 ms - -[0m
[0mGET /js/home_likes-d243187a55.js [32m200[0m 15.800 ms - 449[0m
[0mGET /js/home_post-8f9afa89c7.js [32m200[0m 17.867 ms - 2015[0m
[0mGET /js/chat_engine-b9deb09065.js [32m200[0m 11.292 ms - 1443[0m
[0mGET /js/layout.js [33m404[0m 7.772 ms - 151[0m
[0mGET / [32m200[0m 24.094 ms - 4716[0m
[0mGET /css/home-8965d79b66.css [36m304[0m 0.875 ms - -[0m
[0mGET /css/layout-304d407825.css [36m304[0m 0.861 ms - -[0m
[0mGET /css/header-8a270c3bd9.css [36m304[0m 1.496 ms - -[0m
[0mGET /css/footer-b1db247a46.css [36m304[0m 1.890 ms - -[0m
[0mGET /js/home_comment-2fd757c0ba.js [36m304[0m 1.579 ms - -[0m
[0mGET /js/home_likes-d243187a55.js [36m304[0m 1.634 ms - -[0m
[0mGET /js/home_post-8f9afa89c7.js [36m304[0m 3.000 ms - -[0m
[0mGET /js/chat_engine-b9deb09065.js [36m304[0m 1.457 ms - -[0m
[0mGET /js/layout-0359b12fd6.js [32m200[0m 1.794 ms - 404[0m
[0mGET / [36m304[0m 54.925 ms - -[0m
[0mGET /css/home-8965d79b66.css [36m304[0m 3.273 ms - -[0m
[0mGET /css/layout-304d407825.css [36m304[0m 3.663 ms - -[0m
[0mGET /css/header-8a270c3bd9.css [36m304[0m 4.480 ms - -[0m
[0mGET /js/home_likes-d243187a55.js [36m304[0m 2.668 ms - -[0m
[0mGET /css/footer-b1db247a46.css [36m304[0m 4.952 ms - -[0m
[0mGET /js/home_comment-2fd757c0ba.js [36m304[0m 6.005 ms - -[0m
[0mGET /js/home_post-8f9afa89c7.js [36m304[0m 8.519 ms - -[0m
[0mGET /js/chat_engine-b9deb09065.js [36m304[0m 1.621 ms - -[0m
[0mGET /js/layout-0359b12fd6.js [36m304[0m 0.865 ms - -[0m
[0mGET /users/profile/64b408592ce3f05a5d429cf4 [36m302[0m 7.152 ms - 70[0m
[0mGET /users/signup [32m200[0m 11.893 ms - 2258[0m
[0mGET /css/layout-304d407825.css [36m304[0m 3.502 ms - -[0m
[0mGET /css/header-8a270c3bd9.css [36m304[0m 3.323 ms - -[0m
[0mGET /css/footer-b1db247a46.css [36m304[0m 3.431 ms - -[0m
[0mGET /js/layout-0359b12fd6.js [36m304[0m 8.351 ms - -[0m
[0mGET /users/signup [36m304[0m 7.186 ms - -[0m
[0mGET /css/layout-304d407825.css [36m304[0m 1.241 ms - -[0m
[0mGET /css/header-8a270c3bd9.css [36m304[0m 2.600 ms - -[0m
[0mGET /css/footer-b1db247a46.css [36m304[0m 1.858 ms - -[0m
[0mGET /js/layout-0359b12fd6.js [36m304[0m 2.284 ms - -[0m
[0mPOST /users/create-session [36m302[0m 230.646 ms - 46[0m
[0mGET / [32m200[0m 29.304 ms - 7477[0m
[0mGET /css/home-8965d79b66.css [36m304[0m 0.968 ms - -[0m
[0mGET /css/layout-304d407825.css [36m304[0m 1.037 ms - -[0m
[0mGET /css/header-8a270c3bd9.css [36m304[0m 1.000 ms - -[0m
[0mGET /css/footer-b1db247a46.css [36m304[0m 0.626 ms - -[0m
[0mGET /js/home_comment-2fd757c0ba.js [36m304[0m 2.968 ms - -[0m
[0mGET /js/home_post-8f9afa89c7.js [36m304[0m 3.903 ms - -[0m
[0mGET /js/chat_engine-b9deb09065.js [36m304[0m 3.964 ms - -[0m
[0mGET /js/layout-0359b12fd6.js [36m304[0m 4.070 ms - -[0m
[0mGET /js/home_likes-d243187a55.js [36m304[0m 3.964 ms - -[0m
[0mGET / [32m200[0m 28.835 ms - 7196[0m
[0mGET /css/home-8965d79b66.css [36m304[0m 0.674 ms - -[0m
[0mGET /css/layout-304d407825.css [36m304[0m 4.151 ms - -[0m
[0mGET /css/chat-122000640c.css [32m200[0m 10.559 ms - 829[0m
[0mGET /css/header-8a270c3bd9.css [36m304[0m 3.205 ms - -[0m
[0mGET /css/footer-b1db247a46.css [36m304[0m 3.194 ms - -[0m
[0mGET /js/home_comment-2fd757c0ba.js [36m304[0m 3.301 ms - -[0m
[0mGET /js/home_post-8f9afa89c7.js [36m304[0m 2.357 ms - -[0m
[0mGET /js/home_likes-d243187a55.js [36m304[0m 2.413 ms - -[0m
[0mGET /js/chat_engine-b9deb09065.js [36m304[0m 0.976 ms - -[0m
[0mGET /js/layout-0359b12fd6.js [36m304[0m 1.087 ms - -[0m
[0mGET /users/profile/64df93dfcfe52510ba96a707 [32m200[0m 15.259 ms - 2627[0m
[0mGET /css/user_layout-24d24ef3ea.css [32m200[0m 3.483 ms - 41[0m
[0mGET /css/profile-157a1823ef.css [32m200[0m 2.277 ms - 205[0m
[0mGET /css/layout-304d407825.css [36m304[0m 1.022 ms - -[0m
[0mGET /css/footer-b1db247a46.css [36m304[0m 1.298 ms - -[0m
[0mGET /css/header-8a270c3bd9.css [36m304[0m 1.442 ms - -[0m
[0mGET /js/layout-0359b12fd6.js [36m304[0m 1.403 ms - -[0m
[0mGET /js/profile_friends.js [33m404[0m 14.850 ms - 160[0m
[0mGET /users/profile/64df93dfcfe52510ba96a707 [36m304[0m 13.155 ms - -[0m
[0mGET /css/user_layout-24d24ef3ea.css [36m304[0m 1.440 ms - -[0m
[0mGET /css/profile-157a1823ef.css [36m304[0m 5.396 ms - -[0m
[0mGET /css/layout-304d407825.css [36m304[0m 4.315 ms - -[0m
[0mGET /css/header-8a270c3bd9.css [36m304[0m 3.403 ms - -[0m
[0mGET /css/footer-b1db247a46.css [36m304[0m 0.946 ms - -[0m
[0mGET /js/layout-0359b12fd6.js [36m304[0m 0.968 ms - -[0m
[0mGET /js/profile_friends.js [33m404[0m 4.710 ms - 160[0m
[0mGET /friends/addfriend/64df93dfcfe52510ba96a707/64b408592ce3f05a5d429cf4 [32m200[0m 324.077 ms - 55[0m
[0mGET /friends/addfriend/64df93dfcfe52510ba96a707/64b408592ce3f05a5d429cf4 [36m304[0m 12.674 ms - -[0m
[0mGET /users/profile/64df93dfcfe52510ba96a707 [36m304[0m 12.699 ms - -[0m
[0mGET /css/user_layout-24d24ef3ea.css [36m304[0m 1.688 ms - -[0m
[0mGET /css/profile-157a1823ef.css [36m304[0m 1.513 ms - -[0m
[0mGET /css/layout-304d407825.css [36m304[0m 1.018 ms - -[0m
[0mGET /css/header-8a270c3bd9.css [36m304[0m 1.107 ms - -[0m
[0mGET /css/footer-b1db247a46.css [36m304[0m 1.465 ms - -[0m
[0mGET /js/layout-0359b12fd6.js [36m304[0m 1.080 ms - -[0m
[0mGET /js/profile_friends.js [33m404[0m 4.928 ms - 160[0m
[0mGET / [36m304[0m 38.389 ms - -[0m
[0mGET /css/home-8965d79b66.css [36m304[0m 0.537 ms - -[0m
[0mGET /css/chat-122000640c.css [36m304[0m 0.402 ms - -[0m
[0mGET /css/layout-304d407825.css [36m304[0m 0.587 ms - -[0m
[0mGET /css/header-8a270c3bd9.css [36m304[0m 2.538 ms - -[0m
[0mGET /css/footer-b1db247a46.css [36m304[0m 2.658 ms - -[0m
[0mGET /js/home_comment-2fd757c0ba.js [36m304[0m 2.689 ms - -[0m
[0mGET /js/home_post-8f9afa89c7.js [36m304[0m 2.775 ms - -[0m
[0mGET /js/home_likes-d243187a55.js [36m304[0m 2.715 ms - -[0m
[0mGET /js/chat_engine-b9deb09065.js [36m304[0m 2.736 ms - -[0m
[0mGET /js/layout-0359b12fd6.js [36m304[0m 0.495 ms - -[0m
[0mGET /users/profile/64df93dfcfe52510ba96a707 [36m304[0m 15.159 ms - -[0m
[0mGET /css/user_layout-24d24ef3ea.css [36m304[0m 0.658 ms - -[0m
[0mGET /css/profile-157a1823ef.css [36m304[0m 0.455 ms - -[0m
[0mGET /css/layout-304d407825.css [36m304[0m 0.769 ms - -[0m
[0mGET /css/header-8a270c3bd9.css [36m304[0m 1.417 ms - -[0m
[0mGET /css/footer-b1db247a46.css [36m304[0m 0.969 ms - -[0m
[0mGET /js/layout-0359b12fd6.js [36m304[0m 1.667 ms - -[0m
[0mGET /js/profile_friends.js [33m404[0m 11.557 ms - 160[0m
[0mGET /users/profile/64df93dfcfe52510ba96a707 [32m200[0m 13.865 ms - 2638[0m
[0mGET /css/user_layout-24d24ef3ea.css [36m304[0m 0.722 ms - -[0m
[0mGET /css/profile-157a1823ef.css [36m304[0m 0.712 ms - -[0m
[0mGET /css/layout-304d407825.css [36m304[0m 1.275 ms - -[0m
[0mGET /css/header-8a270c3bd9.css [36m304[0m 1.379 ms - -[0m
[0mGET /css/footer-b1db247a46.css [36m304[0m 1.938 ms - -[0m
[0mGET /js/layout-0359b12fd6.js [36m304[0m 0.525 ms - -[0m
[0mGET /js/profile_friends-6964551b19.js [32m200[0m 1.505 ms - 378[0m
[0mGET /friends/addfriend/64df93dfcfe52510ba96a707/64b408592ce3f05a5d429cf4 [36m304[0m 10.555 ms - -[0m
[0mGET /users/profile/64df93dfcfe52510ba96a707 [32m200[0m 18.416 ms - 2751[0m
[0mGET /css/user_layout-24d24ef3ea.css [36m304[0m 1.408 ms - -[0m
[0mGET /css/profile-157a1823ef.css [36m304[0m 2.224 ms - -[0m
[0mGET /css/layout-304d407825.css [36m304[0m 1.351 ms - -[0m
[0mGET /css/header-8a270c3bd9.css [36m304[0m 1.725 ms - -[0m
[0mGET /css/footer-b1db247a46.css [36m304[0m 1.067 ms - -[0m
[0mGET /js/profile_friends-6964551b19.js [36m304[0m 0.690 ms - -[0m
[0mGET /js/layout-0359b12fd6.js [36m304[0m 0.607 ms - -[0m
[0mGET / [32m200[0m 59.648 ms - 7299[0m
[0mGET /css/home-8965d79b66.css [36m304[0m 1.695 ms - -[0m
[0mGET /css/chat-122000640c.css [36m304[0m 1.193 ms - -[0m
[0mGET /css/layout-304d407825.css [36m304[0m 1.457 ms - -[0m
[0mGET /css/header-8a270c3bd9.css [36m304[0m 1.465 ms - -[0m
[0mGET /css/footer-b1db247a46.css [36m304[0m 1.482 ms - -[0m
[0mGET /js/home_comment-2fd757c0ba.js [36m304[0m 2.923 ms - -[0m
[0mGET /js/home_post-8f9afa89c7.js [36m304[0m 1.089 ms - -[0m
[0mGET /js/home_likes-d243187a55.js [36m304[0m 1.924 ms - -[0m
[0mGET /js/chat_engine-b9deb09065.js [36m304[0m 1.749 ms - -[0m
[0mGET /js/layout-0359b12fd6.js [36m304[0m 0.879 ms - -[0m
[0mGET / [36m304[0m 134.692 ms - -[0m
[0mGET /css/home-8965d79b66.css [36m304[0m 0.839 ms - -[0m
[0mGET /css/chat-122000640c.css [36m304[0m 3.036 ms - -[0m
[0mGET /css/layout-304d407825.css [36m304[0m 3.331 ms - -[0m
[0mGET /css/header-8a270c3bd9.css [36m304[0m 5.617 ms - -[0m
[0mGET /css/footer-b1db247a46.css [36m304[0m 4.080 ms - -[0m
[0mGET /js/home_comment-2fd757c0ba.js [36m304[0m 4.540 ms - -[0m
[0mGET /js/home_post-8f9afa89c7.js [36m304[0m 4.374 ms - -[0m
[0mGET /js/home_likes-d243187a55.js [36m304[0m 5.519 ms - -[0m
[0mGET /js/chat_engine-b9deb09065.js [36m304[0m 1.495 ms - -[0m
[0mGET /js/layout-0359b12fd6.js [36m304[0m 0.905 ms - -[0m
[0mGET /users/profile/64df93dfcfe52510ba96a707 [36m304[0m 20.221 ms - -[0m
[0mGET /css/user_layout-24d24ef3ea.css [36m304[0m 1.037 ms - -[0m
[0mGET /css/profile-157a1823ef.css [36m304[0m 1.018 ms - -[0m
[0mGET /css/layout-304d407825.css [36m304[0m 0.454 ms - -[0m
[0mGET /css/header-8a270c3bd9.css [36m304[0m 0.540 ms - -[0m
[0mGET /css/footer-b1db247a46.css [36m304[0m 0.600 ms - -[0m
[0mGET /js/profile_friends-6964551b19.js [36m304[0m 1.738 ms - -[0m
[0mGET /js/layout-0359b12fd6.js [36m304[0m 2.031 ms - -[0m
[0mGET /friends/addfriend/64df93dfcfe52510ba96a707/64b408592ce3f05a5d429cf4 [36m304[0m 10.245 ms - -[0m
[0mGET /users/profile/64df93dfcfe52510ba96a707 [32m200[0m 15.419 ms - 2638[0m
[0mGET /css/user_layout-24d24ef3ea.css [36m304[0m 2.862 ms - -[0m
[0mGET /css/profile-157a1823ef.css [36m304[0m 4.944 ms - -[0m
[0mGET /css/layout-304d407825.css [36m304[0m 1.517 ms - -[0m
[0mGET /css/header-8a270c3bd9.css [36m304[0m 2.563 ms - -[0m
[0mGET /css/footer-b1db247a46.css [36m304[0m 3.431 ms - -[0m
[0mGET /js/profile_friends-6964551b19.js [36m304[0m 0.741 ms - -[0m
[0mGET /js/layout-0359b12fd6.js [36m304[0m 0.852 ms - -[0m
[0mGET /users/profile/64df93dfcfe52510ba96a707 [36m304[0m 15.295 ms - -[0m
[0mGET /css/user_layout-24d24ef3ea.css [36m304[0m 1.471 ms - -[0m
[0mGET /css/profile-157a1823ef.css [36m304[0m 1.325 ms - -[0m
[0mGET /css/header-8a270c3bd9.css [36m304[0m 4.114 ms - -[0m
[0mGET /css/footer-b1db247a46.css [36m304[0m 2.922 ms - -[0m
[0mGET /css/layout-304d407825.css [36m304[0m 2.654 ms - -[0m
[0mGET /js/profile_friends-6964551b19.js [36m304[0m 0.509 ms - -[0m
[0mGET /js/layout-0359b12fd6.js [36m304[0m 0.377 ms - -[0m
[0mGET /friends/addfriend/64df93dfcfe52510ba96a707/64b408592ce3f05a5d429cf4 [36m304[0m 10.752 ms - -[0m
[0mGET /friends/addfriend/64df93dfcfe52510ba96a707/64b408592ce3f05a5d429cf4 [36m304[0m 10.353 ms - -[0m
[0mGET /users/profile/64df93dfcfe52510ba96a707 [36m304[0m 16.578 ms - -[0m
[0mGET /css/user_layout-24d24ef3ea.css [36m304[0m 4.689 ms - -[0m
[0mGET /css/profile-157a1823ef.css [36m304[0m 3.541 ms - -[0m
[0mGET /css/layout-304d407825.css [36m304[0m 2.402 ms - -[0m
[0mGET /css/header-8a270c3bd9.css [36m304[0m 2.176 ms - -[0m
[0mGET /css/footer-b1db247a46.css [36m304[0m 2.296 ms - -[0m
[0mGET /js/profile_friends-6964551b19.js [36m304[0m 0.728 ms - -[0m
[0mGET /js/layout-0359b12fd6.js [36m304[0m 0.756 ms - -[0m
[0mGET / [32m200[0m 32.505 ms - 7196[0m
[0mGET /css/home-8965d79b66.css [36m304[0m 2.191 ms - -[0m
[0mGET /css/chat-122000640c.css [36m304[0m 3.367 ms - -[0m
[0mGET /css/layout-304d407825.css [36m304[0m 2.744 ms - -[0m
[0mGET /css/header-8a270c3bd9.css [36m304[0m 2.449 ms - -[0m
[0mGET /css/footer-b1db247a46.css [36m304[0m 2.158 ms - -[0m
[0mGET /js/home_comment-2fd757c0ba.js [36m304[0m 2.139 ms - -[0m
[0mGET /js/home_post-8f9afa89c7.js [36m304[0m 1.121 ms - -[0m
[0mGET /js/home_likes-d243187a55.js [36m304[0m 0.942 ms - -[0m
[0mGET /js/chat_engine-b9deb09065.js [36m304[0m 0.532 ms - -[0m
[0mGET /js/layout-0359b12fd6.js [36m304[0m 0.544 ms - -[0m
[0mGET / [36m304[0m 38.103 ms - -[0m
[0mGET /css/home-8965d79b66.css [36m304[0m 1.696 ms - -[0m
[0mGET /css/chat-122000640c.css [36m304[0m 2.032 ms - -[0m
[0mGET /css/layout-304d407825.css [36m304[0m 4.050 ms - -[0m
[0mGET /css/header-8a270c3bd9.css [36m304[0m 5.671 ms - -[0m
[0mGET /css/footer-b1db247a46.css [36m304[0m 7.143 ms - -[0m
[0mGET /js/home_comment-2fd757c0ba.js [36m304[0m 1.904 ms - -[0m
[0mGET /js/home_post-8f9afa89c7.js [36m304[0m 3.201 ms - -[0m
[0mGET /js/home_likes-d243187a55.js [36m304[0m 2.067 ms - -[0m
[0mGET /js/chat_engine-b9deb09065.js [36m304[0m 3.058 ms - -[0m
[0mGET /js/layout-0359b12fd6.js [36m304[0m 2.852 ms - -[0m
[0mGET / [36m304[0m 66.937 ms - -[0m
[0mGET /css/home-8965d79b66.css [36m304[0m 5.317 ms - -[0m
[0mGET /css/chat-122000640c.css [36m304[0m 5.128 ms - -[0m
[0mGET /css/layout-304d407825.css [36m304[0m 0.523 ms - -[0m
[0mGET /css/header-8a270c3bd9.css [36m304[0m 1.215 ms - -[0m
[0mGET /css/footer-b1db247a46.css [36m304[0m 0.730 ms - -[0m
[0mGET /js/home_comment-2fd757c0ba.js [36m304[0m 0.743 ms - -[0m
[0mGET /js/home_post-8f9afa89c7.js [36m304[0m 0.464 ms - -[0m
[0mGET /js/home_likes-d243187a55.js [36m304[0m 0.662 ms - -[0m
[0mGET /js/chat_engine-b9deb09065.js [36m304[0m 0.511 ms - -[0m
[0mGET /js/layout-0359b12fd6.js [36m304[0m 0.603 ms - -[0m
[0mGET /users/profile/64df93dfcfe52510ba96a707 [36m304[0m 13.788 ms - -[0m
[0mGET /css/user_layout-24d24ef3ea.css [36m304[0m 1.214 ms - -[0m
[0mGET /css/profile-157a1823ef.css [36m304[0m 0.840 ms - -[0m
[0mGET /css/layout-304d407825.css [36m304[0m 1.424 ms - -[0m
[0mGET /css/header-8a270c3bd9.css [36m304[0m 2.555 ms - -[0m
[0mGET /css/footer-b1db247a46.css [36m304[0m 2.524 ms - -[0m
[0mGET /js/profile_friends-6964551b19.js [36m304[0m 0.799 ms - -[0m
[0mGET /js/layout-0359b12fd6.js [36m304[0m 0.797 ms - -[0m
[0mGET /friends/addfriend/64df93dfcfe52510ba96a707/64b408592ce3f05a5d429cf4 [32m200[0m 18.402 ms - 73[0m
[0mGET /users/profile/64df93dfcfe52510ba96a707 [32m200[0m 16.146 ms - 2751[0m
[0mGET /css/user_layout-24d24ef3ea.css [36m304[0m 0.781 ms - -[0m
[0mGET /css/profile-157a1823ef.css [36m304[0m 1.165 ms - -[0m
[0mGET /css/layout-304d407825.css [36m304[0m 1.196 ms - -[0m
[0mGET /css/header-8a270c3bd9.css [36m304[0m 1.199 ms - -[0m
[0mGET /css/footer-b1db247a46.css [36m304[0m 1.231 ms - -[0m
[0mGET /js/profile_friends-6964551b19.js [36m304[0m 0.530 ms - -[0m
[0mGET /js/layout-0359b12fd6.js [36m304[0m 0.567 ms - -[0m
[0mGET /friends/addfriend/64df93dfcfe52510ba96a707/64b408592ce3f05a5d429cf4 [36m304[0m 9.442 ms - -[0m
[0mGET /users/profile/64df93dfcfe52510ba96a707 [32m200[0m 9.615 ms - 2638[0m
[0mGET /css/user_layout-24d24ef3ea.css [36m304[0m 0.690 ms - -[0m
[0mGET /css/profile-157a1823ef.css [36m304[0m 3.695 ms - -[0m
[0mGET /css/layout-304d407825.css [36m304[0m 4.447 ms - -[0m
[0mGET /css/header-8a270c3bd9.css [36m304[0m 3.606 ms - -[0m
[0mGET /css/footer-b1db247a46.css [36m304[0m 2.077 ms - -[0m
[0mGET /js/profile_friends-6964551b19.js [36m304[0m 0.563 ms - -[0m
[0mGET /js/layout-0359b12fd6.js [36m304[0m 0.770 ms - -[0m
[0mGET /users/profile/64df93dfcfe52510ba96a707 [36m304[0m 9.265 ms - -[0m
[0mGET /css/profile-157a1823ef.css [36m304[0m 3.550 ms - -[0m
[0mGET /css/user_layout-24d24ef3ea.css [36m304[0m 4.234 ms - -[0m
[0mGET /css/layout-304d407825.css [36m304[0m 3.484 ms - -[0m
[0mGET /css/header-8a270c3bd9.css [36m304[0m 4.352 ms - -[0m
[0mGET /css/footer-b1db247a46.css [36m304[0m 0.812 ms - -[0m
[0mGET /js/profile_friends-6964551b19.js [36m304[0m 0.556 ms - -[0m
[0mGET /js/layout-0359b12fd6.js [36m304[0m 1.208 ms - -[0m
[0mGET / [36m304[0m 26.102 ms - -[0m
[0mGET /css/home-8965d79b66.css [36m304[0m 0.948 ms - -[0m
[0mGET /css/chat-122000640c.css [36m304[0m 1.271 ms - -[0m
[0mGET /js/home_comment-2fd757c0ba.js [36m304[0m 1.450 ms - -[0m
[0mGET /css/layout-304d407825.css [36m304[0m 1.456 ms - -[0m
[0mGET /css/header-8a270c3bd9.css [36m304[0m 1.195 ms - -[0m
[0mGET /css/footer-b1db247a46.css [36m304[0m 2.452 ms - -[0m
[0mGET /js/home_post-8f9afa89c7.js [36m304[0m 0.983 ms - -[0m
[0mGET /js/home_likes-d243187a55.js [36m304[0m 1.533 ms - -[0m
[0mGET /js/chat_engine-b9deb09065.js [36m304[0m 0.781 ms - -[0m
[0mGET /js/layout-0359b12fd6.js [36m304[0m 0.737 ms - -[0m
[0mGET / [36m304[0m 18.220 ms - -[0m
[0mGET /css/home-8965d79b66.css [36m304[0m 0.686 ms - -[0m
[0mGET /css/chat-122000640c.css [36m304[0m 3.155 ms - -[0m
[0mGET /css/layout-304d407825.css [36m304[0m 1.903 ms - -[0m
[0mGET /css/header-8a270c3bd9.css [36m304[0m 1.712 ms - -[0m
[0mGET /js/home_post-8f9afa89c7.js [36m304[0m 1.758 ms - -[0m
[0mGET /css/footer-b1db247a46.css [36m304[0m 2.574 ms - -[0m
[0mGET /js/home_comment-2fd757c0ba.js [36m304[0m 7.171 ms - -[0m
[0mGET /js/home_likes-d243187a55.js [36m304[0m 1.740 ms - -[0m
[0mGET /js/chat_engine-b9deb09065.js [36m304[0m 1.970 ms - -[0m
[0mGET /js/layout-0359b12fd6.js [36m304[0m 0.818 ms - -[0m
[0mGET / [36m304[0m 18.602 ms - -[0m
[0mGET /css/home-8965d79b66.css [36m304[0m 0.877 ms - -[0m
[0mGET /css/chat-122000640c.css [36m304[0m 3.228 ms - -[0m
[0mGET /css/layout-304d407825.css [36m304[0m 3.429 ms - -[0m
[0mGET /css/header-8a270c3bd9.css [36m304[0m 1.545 ms - -[0m
[0mGET /js/home_post-8f9afa89c7.js [36m304[0m 4.563 ms - -[0m
[0mGET /css/footer-b1db247a46.css [36m304[0m 3.583 ms - -[0m
[0mGET /js/home_comment-2fd757c0ba.js [36m304[0m 3.284 ms - -[0m
[0mGET /js/home_likes-d243187a55.js [36m304[0m 4.039 ms - -[0m
[0mGET /js/chat_engine-b9deb09065.js [36m304[0m 0.824 ms - -[0m
[0mGET /js/layout-0359b12fd6.js [36m304[0m 0.770 ms - -[0m
[0mGET / [36m304[0m 17.180 ms - -[0m
[0mGET /css/home-8965d79b66.css [36m304[0m 0.697 ms - -[0m
[0mGET /css/chat-122000640c.css [36m304[0m 1.889 ms - -[0m
[0mGET /css/layout-304d407825.css [36m304[0m 2.879 ms - -[0m
[0mGET /css/header-8a270c3bd9.css [36m304[0m 4.238 ms - -[0m
[0mGET /js/home_post-8f9afa89c7.js [36m304[0m 1.934 ms - -[0m
[0mGET /css/footer-b1db247a46.css [36m304[0m 4.225 ms - -[0m
[0mGET /js/home_comment-2fd757c0ba.js [36m304[0m 1.620 ms - -[0m
[0mGET /js/home_likes-d243187a55.js [36m304[0m 1.913 ms - -[0m
[0mGET /js/chat_engine-b9deb09065.js [36m304[0m 1.192 ms - -[0m
[0mGET /js/layout-0359b12fd6.js [36m304[0m 0.863 ms - -[0m
[0mGET /users/profile/64b408592ce3f05a5d429cf4 [32m200[0m 10.803 ms - 2800[0m
[0mGET /css/user_layout-24d24ef3ea.css [36m304[0m 1.314 ms - -[0m
[0mGET /css/profile-157a1823ef.css [36m304[0m 1.320 ms - -[0m
[0mGET /css/layout-304d407825.css [36m304[0m 1.477 ms - -[0m
[0mGET /css/header-8a270c3bd9.css [36m304[0m 2.247 ms - -[0m
[0mGET /css/footer-b1db247a46.css [36m304[0m 1.060 ms - -[0m
[0mGET /js/profile_friends-6964551b19.js [36m304[0m 0.559 ms - -[0m
[0mGET /js/layout-0359b12fd6.js [36m304[0m 0.511 ms - -[0m
[0mGET /users/profile/64df93dfcfe52510ba96a707 [32m200[0m 10.536 ms - 2491[0m
[0mGET /css/user_layout-24d24ef3ea.css [36m304[0m 1.335 ms - -[0m
[0mGET /css/profile-157a1823ef.css [36m304[0m 1.378 ms - -[0m
[0mGET /css/layout-304d407825.css [36m304[0m 2.282 ms - -[0m
[0mGET /css/header-8a270c3bd9.css [36m304[0m 1.328 ms - -[0m
[0mGET /css/footer-b1db247a46.css [36m304[0m 1.208 ms - -[0m
[0mGET /js/profile_friends-6964551b19.js [36m304[0m 1.653 ms - -[0m
[0mGET /js/layout-0359b12fd6.js [36m304[0m 1.672 ms - -[0m
[0mGET /users/profile/64df93dfcfe52510ba96a707 [36m304[0m 10.351 ms - -[0m
[0mGET /css/user_layout-24d24ef3ea.css [36m304[0m 2.143 ms - -[0m
[0mGET /css/profile-157a1823ef.css [36m304[0m 2.504 ms - -[0m
[0mGET /css/header-8a270c3bd9.css [36m304[0m 2.848 ms - -[0m
[0mGET /css/footer-b1db247a46.css [36m304[0m 4.412 ms - -[0m
[0mGET /css/layout-304d407825.css [36m304[0m 4.550 ms - -[0m
[0mGET /js/profile_friends-6964551b19.js [36m304[0m 0.477 ms - -[0m
[0mGET /js/layout-0359b12fd6.js [36m304[0m 0.473 ms - -[0m
[0mGET /users/profile/64b40df94846a3cfc090d037 [32m200[0m 10.325 ms - 2501[0m
[0mGET /css/user_layout-24d24ef3ea.css [36m304[0m 0.877 ms - -[0m
[0mGET /css/profile-157a1823ef.css [36m304[0m 0.980 ms - -[0m
[0mGET /css/layout-304d407825.css [36m304[0m 1.464 ms - -[0m
[0mGET /css/header-8a270c3bd9.css [36m304[0m 0.858 ms - -[0m
[0mGET /css/footer-b1db247a46.css [36m304[0m 1.005 ms - -[0m
[0mGET /js/profile_friends-6964551b19.js [36m304[0m 0.849 ms - -[0m
[0mGET /js/layout-0359b12fd6.js [36m304[0m 0.950 ms - -[0m
[0mGET /users/profile/64b40df94846a3cfc090d037 [32m200[0m 9.941 ms - 2653[0m
[0mGET /css/user_layout-24d24ef3ea.css [36m304[0m 1.030 ms - -[0m
[0mGET /css/layout-304d407825.css [36m304[0m 0.665 ms - -[0m
[0mGET /css/profile-157a1823ef.css [36m304[0m 2.174 ms - -[0m
[0mGET /css/header-8a270c3bd9.css [36m304[0m 1.285 ms - -[0m
[0mGET /css/footer-b1db247a46.css [36m304[0m 0.435 ms - -[0m
[0mGET /js/profile_friends-6964551b19.js [36m304[0m 0.482 ms - -[0m
[0mGET /js/layout-0359b12fd6.js [36m304[0m 0.493 ms - -[0m
[0mGET /users/profile/64b40df94846a3cfc090d037 [36m304[0m 7.144 ms - -[0m
[0mGET /css/user_layout-24d24ef3ea.css [36m304[0m 1.930 ms - -[0m
[0mGET /css/profile-157a1823ef.css [36m304[0m 3.367 ms - -[0m
[0mGET /css/layout-304d407825.css [36m304[0m 1.076 ms - -[0m
[0mGET /css/header-8a270c3bd9.css [36m304[0m 1.295 ms - -[0m
[0mGET /css/footer-b1db247a46.css [36m304[0m 1.422 ms - -[0m
[0mGET /js/profile_friends-6964551b19.js [36m304[0m 1.351 ms - -[0m
[0mGET /js/layout-0359b12fd6.js [36m304[0m 0.583 ms - -[0m
[0mGET /friends/addfriend/64b40df94846a3cfc090d037/64b408592ce3f05a5d429cf4 [32m200[0m 7.643 ms - 76[0m
[0mGET /users/profile/64b40df94846a3cfc090d037 [32m200[0m 12.622 ms - 2761[0m
[0mGET /css/user_layout-24d24ef3ea.css [36m304[0m 3.354 ms - -[0m
[0mGET /css/profile-157a1823ef.css [36m304[0m 3.233 ms - -[0m
[0mGET /css/layout-304d407825.css [36m304[0m 2.121 ms - -[0m
[0mGET /css/header-8a270c3bd9.css [36m304[0m 1.575 ms - -[0m
[0mGET /css/footer-b1db247a46.css [36m304[0m 0.779 ms - -[0m
[0mGET /js/profile_friends-6964551b19.js [36m304[0m 0.596 ms - -[0m
[0mGET /js/layout-0359b12fd6.js [36m304[0m 1.033 ms - -[0m
[0mGET / [32m200[0m 34.666 ms - 7302[0m
[0mGET /css/home-8965d79b66.css [36m304[0m 1.078 ms - -[0m
[0mGET /css/chat-122000640c.css [36m304[0m 1.445 ms - -[0m
[0mGET /css/layout-304d407825.css [36m304[0m 1.174 ms - -[0m
[0mGET /css/header-8a270c3bd9.css [36m304[0m 2.050 ms - -[0m
[0mGET /js/home_comment-2fd757c0ba.js [36m304[0m 1.514 ms - -[0m
[0mGET /css/footer-b1db247a46.css [36m304[0m 1.253 ms - -[0m
[0mGET /js/home_post-8f9afa89c7.js [36m304[0m 1.780 ms - -[0m
[0mGET /js/home_likes-d243187a55.js [36m304[0m 2.506 ms - -[0m
[0mGET /js/chat_engine-b9deb09065.js [36m304[0m 1.672 ms - -[0m
[0mGET /js/layout-0359b12fd6.js [36m304[0m 1.361 ms - -[0m
[0mGET / [32m200[0m 28.027 ms - 4716[0m
[0mGET /users/sign-out [36m302[0m 9.004 ms - 46[0m
[0mGET /css/home-8965d79b66.css [36m304[0m 3.721 ms - -[0m
[0mGET /css/layout-304d407825.css [36m304[0m 4.170 ms - -[0m
[0mGET /css/header-8a270c3bd9.css [36m304[0m 4.222 ms - -[0m
[0mGET /css/footer-b1db247a46.css [36m304[0m 6.941 ms - -[0m
[0mGET /js/home_comment-2fd757c0ba.js [36m304[0m 3.467 ms - -[0m
[0mGET /js/home_post-8f9afa89c7.js [36m304[0m 2.972 ms - -[0m
[0mGET /js/home_likes-d243187a55.js [36m304[0m 1.559 ms - -[0m
[0mGET /js/chat_engine-b9deb09065.js [36m304[0m 1.137 ms - -[0m
[0mGET /js/layout-0359b12fd6.js [36m304[0m 1.100 ms - -[0m
[0mGET /users/signup [36m304[0m 7.656 ms - -[0m
[0mGET /css/layout-304d407825.css [36m304[0m 0.929 ms - -[0m
[0mGET /css/header-8a270c3bd9.css [36m304[0m 1.188 ms - -[0m
[0mGET /css/footer-b1db247a46.css [36m304[0m 2.158 ms - -[0m
[0mGET /js/layout-0359b12fd6.js [36m304[0m 1.103 ms - -[0m
[0mPOST /users/create-session [36m302[0m 5.412 ms - 46[0m
[0mGET / [32m200[0m 32.804 ms - 7522[0m
[0mGET /css/chat-122000640c.css [36m304[0m 1.333 ms - -[0m
[0mGET /css/home-8965d79b66.css [36m304[0m 1.155 ms - -[0m
[0mGET /css/layout-304d407825.css [36m304[0m 0.865 ms - -[0m
[0mGET /css/header-8a270c3bd9.css [36m304[0m 2.165 ms - -[0m
[0mGET /css/footer-b1db247a46.css [36m304[0m 1.672 ms - -[0m
[0mGET /js/home_comment-2fd757c0ba.js [36m304[0m 1.021 ms - -[0m
[0mGET /js/home_likes-d243187a55.js [36m304[0m 0.875 ms - -[0m
[0mGET /js/home_post-8f9afa89c7.js [36m304[0m 1.277 ms - -[0m
[0mGET /js/chat_engine-b9deb09065.js [36m304[0m 1.290 ms - -[0m
[0mGET /js/layout-0359b12fd6.js [36m304[0m 0.954 ms - -[0m
[0mGET /users/profile/64b408592ce3f05a5d429cf4 [32m200[0m 13.366 ms - 2586[0m
[0mGET /css/user_layout-24d24ef3ea.css [36m304[0m 1.294 ms - -[0m
[0mGET /css/profile-157a1823ef.css [36m304[0m 1.572 ms - -[0m
[0mGET /css/layout-304d407825.css [36m304[0m 4.562 ms - -[0m
[0mGET /css/header-8a270c3bd9.css [36m304[0m 2.149 ms - -[0m
[0mGET /css/footer-b1db247a46.css [36m304[0m 1.650 ms - -[0m
[0mGET /js/profile_friends-6964551b19.js [36m304[0m 1.820 ms - -[0m
[0mGET /js/layout-0359b12fd6.js [36m304[0m 1.673 ms - -[0m
[0mGET /friends/addfriend/64b408592ce3f05a5d429cf4/64df93dfcfe52510ba96a707 [32m200[0m 9.630 ms - 73[0m
[0mGET / [32m200[0m 41.519 ms - 7343[0m
[0mGET /css/home-8965d79b66.css [36m304[0m 0.629 ms - -[0m
[0mGET /css/chat-122000640c.css [36m304[0m 2.550 ms - -[0m
[0mGET /css/layout-304d407825.css [36m304[0m 0.646 ms - -[0m
[0mGET /css/header-8a270c3bd9.css [36m304[0m 1.140 ms - -[0m
[0mGET /css/footer-b1db247a46.css [36m304[0m 0.785 ms - -[0m
[0mGET /js/home_comment-2fd757c0ba.js [36m304[0m 2.184 ms - -[0m
[0mGET /js/home_post-8f9afa89c7.js [36m304[0m 2.013 ms - -[0m
[0mGET /js/home_likes-d243187a55.js [36m304[0m 2.668 ms - -[0m
[0mGET /js/chat_engine-b9deb09065.js [36m304[0m 3.430 ms - -[0m
[0mGET /js/layout-0359b12fd6.js [36m304[0m 3.710 ms - -[0m
[0mGET /users/sign-out [36m302[0m 7.976 ms - 46[0m
[0mGET / [32m200[0m 30.331 ms - 4999[0m
[0mGET /css/home-8965d79b66.css [36m304[0m 3.783 ms - -[0m
[0mGET /css/layout-304d407825.css [36m304[0m 3.958 ms - -[0m
[0mGET /css/header-8a270c3bd9.css [36m304[0m 3.865 ms - -[0m
[0mGET /css/footer-b1db247a46.css [36m304[0m 3.814 ms - -[0m
[0mGET /js/home_comment-2fd757c0ba.js [36m304[0m 4.255 ms - -[0m
[0mGET /js/home_post-8f9afa89c7.js [36m304[0m 4.122 ms - -[0m
[0mGET /js/home_likes-d243187a55.js [36m304[0m 2.172 ms - -[0m
[0mGET /js/chat_engine-b9deb09065.js [36m304[0m 3.691 ms - -[0m
[0mGET /js/layout-0359b12fd6.js [36m304[0m 1.124 ms - -[0m
[0mGET /users/profile/64b408592ce3f05a5d429cf4 [36m302[0m 1.856 ms - 70[0m
[0mGET /users/signup [36m304[0m 4.114 ms - -[0m
[0mGET /css/layout-304d407825.css [36m304[0m 1.585 ms - -[0m
[0mGET /css/header-8a270c3bd9.css [36m304[0m 1.707 ms - -[0m
[0mGET /css/footer-b1db247a46.css [36m304[0m 1.332 ms - -[0m
[0mGET /js/layout-0359b12fd6.js [36m304[0m 0.412 ms - -[0m
[0mPOST /users/create-session [36m302[0m 4.792 ms - 70[0m
[0mGET /users/signup [32m200[0m 3.852 ms - 2563[0m
[0mGET /css/layout-304d407825.css [36m304[0m 1.017 ms - -[0m
[0mGET /css/header-8a270c3bd9.css [36m304[0m 1.259 ms - -[0m
[0mGET /css/footer-b1db247a46.css [36m304[0m 1.382 ms - -[0m
[0mGET /js/layout-0359b12fd6.js [36m304[0m 0.388 ms - -[0m
[0mPOST /users/create-session [36m302[0m 5.794 ms - 46[0m
[0mGET / [32m200[0m 31.636 ms - 7691[0m
[0mGET /css/home-8965d79b66.css [36m304[0m 1.233 ms - -[0m
[0mGET /css/chat-122000640c.css [36m304[0m 3.129 ms - -[0m
[0mGET /css/layout-304d407825.css [36m304[0m 2.399 ms - -[0m
[0mGET /css/header-8a270c3bd9.css [36m304[0m 2.188 ms - -[0m
[0mGET /css/footer-b1db247a46.css [36m304[0m 1.683 ms - -[0m
[0mGET /js/home_comment-2fd757c0ba.js [36m304[0m 2.503 ms - -[0m
[0mGET /js/home_post-8f9afa89c7.js [36m304[0m 1.272 ms - -[0m
[0mGET /js/home_likes-d243187a55.js [36m304[0m 1.614 ms - -[0m
[0mGET /js/chat_engine-b9deb09065.js [36m304[0m 1.927 ms - -[0m
[0mGET /js/layout-0359b12fd6.js [36m304[0m 0.772 ms - -[0m
[0mGET /users/profile/64df93dfcfe52510ba96a707 [32m200[0m 13.602 ms - 2627[0m
[0mGET /css/user_layout-24d24ef3ea.css [36m304[0m 4.788 ms - -[0m
[0mGET /css/profile-157a1823ef.css [36m304[0m 4.171 ms - -[0m
[0mGET /css/layout-304d407825.css [36m304[0m 1.130 ms - -[0m
[0mGET /css/header-8a270c3bd9.css [36m304[0m 1.087 ms - -[0m
[0mGET /css/footer-b1db247a46.css [36m304[0m 1.085 ms - -[0m
[0mGET /js/profile_friends-6964551b19.js [36m304[0m 0.436 ms - -[0m
[0mGET /js/layout-0359b12fd6.js [36m304[0m 0.585 ms - -[0m
[0mGET /users/profile/64df93dfcfe52510ba96a707 [36m304[0m 11.710 ms - -[0m
[0mGET /css/user_layout-24d24ef3ea.css [36m304[0m 3.488 ms - -[0m
[0mGET /css/profile-157a1823ef.css [36m304[0m 2.259 ms - -[0m
[0mGET /css/layout-304d407825.css [36m304[0m 0.892 ms - -[0m
[0mGET /css/header-8a270c3bd9.css [36m304[0m 1.174 ms - -[0m
[0mGET /css/footer-b1db247a46.css [36m304[0m 0.561 ms - -[0m
[0mGET /js/profile_friends-6964551b19.js [36m304[0m 0.460 ms - -[0m
[0mGET /js/layout-0359b12fd6.js [36m304[0m 0.432 ms - -[0m
[0mGET /users/profile/64df93dfcfe52510ba96a707 [36m304[0m 9.272 ms - -[0m
[0mGET /css/user_layout-24d24ef3ea.css [36m304[0m 0.997 ms - -[0m
[0mGET /css/profile-157a1823ef.css [36m304[0m 1.048 ms - -[0m
[0mGET /css/layout-304d407825.css [36m304[0m 1.036 ms - -[0m
[0mGET /css/header-8a270c3bd9.css [36m304[0m 2.495 ms - -[0m
[0mGET /css/footer-b1db247a46.css [36m304[0m 2.701 ms - -[0m
[0mGET /js/profile_friends-6964551b19.js [36m304[0m 0.784 ms - -[0m
[0mGET /js/layout-0359b12fd6.js [36m304[0m 0.572 ms - -[0m
[0mGET /users/profile/64df93dfcfe52510ba96a707 [32m200[0m 11.254 ms - 2969[0m
[0mGET /css/user_layout-24d24ef3ea.css [36m304[0m 1.238 ms - -[0m
[0mGET /css/profile-157a1823ef.css [36m304[0m 3.653 ms - -[0m
[0mGET /css/layout-304d407825.css [36m304[0m 1.380 ms - -[0m
[0mGET /css/header-8a270c3bd9.css [36m304[0m 2.603 ms - -[0m
[0mGET /css/footer-b1db247a46.css [36m304[0m 2.313 ms - -[0m
[0mGET /js/profile_friends-6964551b19.js [36m304[0m 0.419 ms - -[0m
[0mGET /js/layout-0359b12fd6.js [36m304[0m 0.519 ms - -[0m
[0mGET /users/profile/64df93dfcfe52510ba96a707 [36m304[0m 12.912 ms - -[0m
[0mGET /css/user_layout-24d24ef3ea.css [36m304[0m 0.475 ms - -[0m
[0mGET /css/profile-157a1823ef.css [36m304[0m 0.574 ms - -[0m
[0mGET /css/layout-304d407825.css [36m304[0m 2.378 ms - -[0m
[0mGET /css/header-8a270c3bd9.css [36m304[0m 1.532 ms - -[0m
[0mGET /css/footer-b1db247a46.css [36m304[0m 2.158 ms - -[0m
[0mGET /js/profile_friends-6964551b19.js [36m304[0m 0.469 ms - -[0m
[0mGET /js/layout-0359b12fd6.js [36m304[0m 0.431 ms - -[0m
[0mGET /users/profile/64df93dfcfe52510ba96a707 [36m304[0m 9.955 ms - -[0m
[0mGET /css/user_layout-24d24ef3ea.css [36m304[0m 0.737 ms - -[0m
[0mGET /css/profile-157a1823ef.css [36m304[0m 0.669 ms - -[0m
[0mGET /css/layout-304d407825.css [36m304[0m 1.201 ms - -[0m
[0mGET /css/header-8a270c3bd9.css [36m304[0m 0.822 ms - -[0m
[0mGET /css/footer-b1db247a46.css [36m304[0m 0.823 ms - -[0m
[0mGET /js/profile_friends-6964551b19.js [36m304[0m 0.456 ms - -[0m
[0mGET /js/layout-0359b12fd6.js [36m304[0m 0.458 ms - -[0m
[0mGET /users/profile/64df93dfcfe52510ba96a707 [32m200[0m 13.483 ms - 2943[0m
[0mGET /css/user_layout-24d24ef3ea.css [36m304[0m 0.748 ms - -[0m
[0mGET /css/profile-157a1823ef.css [36m304[0m 0.717 ms - -[0m
[0mGET /css/layout-304d407825.css [36m304[0m 1.980 ms - -[0m
[0mGET /css/header-8a270c3bd9.css [36m304[0m 1.851 ms - -[0m
[0mGET /css/footer-b1db247a46.css [36m304[0m 1.558 ms - -[0m
[0mGET /js/profile_friends-6964551b19.js [36m304[0m 0.462 ms - -[0m
[0mGET /js/layout-0359b12fd6.js [36m304[0m 0.588 ms - -[0m
[0mGET /users/profile/64df93dfcfe52510ba96a707 [32m200[0m 45.481 ms - 2969[0m
[0mGET /css/user_layout-24d24ef3ea.css [36m304[0m 2.491 ms - -[0m
[0mGET /css/profile-157a1823ef.css [36m304[0m 3.586 ms - -[0m
[0mGET /css/layout-304d407825.css [36m304[0m 3.197 ms - -[0m
[0mGET /css/header-8a270c3bd9.css [36m304[0m 1.918 ms - -[0m
[0mGET /css/footer-b1db247a46.css [36m304[0m 0.587 ms - -[0m
[0mGET /js/profile_friends-6964551b19.js [36m304[0m 0.810 ms - -[0m
[0mGET /js/layout-0359b12fd6.js [36m304[0m 0.894 ms - -[0m
[0mGET /users/profile/64df93dfcfe52510ba96a707 [36m304[0m 45.208 ms - -[0m
[0mGET /css/user_layout-24d24ef3ea.css [36m304[0m 3.123 ms - -[0m
[0mGET /css/profile-157a1823ef.css [36m304[0m 1.202 ms - -[0m
[0mGET /css/layout-304d407825.css [36m304[0m 0.986 ms - -[0m
[0mGET /css/header-8a270c3bd9.css [36m304[0m 0.963 ms - -[0m
[0mGET /css/footer-b1db247a46.css [36m304[0m 5.672 ms - -[0m
[0mGET /js/profile_friends-6964551b19.js [36m304[0m 0.682 ms - -[0m
[0mGET /js/layout-0359b12fd6.js [36m304[0m 0.574 ms - -[0m
[0mGET /users/profile/64df93dfcfe52510ba96a707 [36m304[0m 48.899 ms - -[0m
[0mGET /css/user_layout-24d24ef3ea.css [36m304[0m 2.716 ms - -[0m
[0mGET /css/profile-157a1823ef.css [36m304[0m 3.037 ms - -[0m
[0mGET /css/layout-304d407825.css [36m304[0m 2.456 ms - -[0m
[0mGET /css/header-8a270c3bd9.css [36m304[0m 2.344 ms - -[0m
[0mGET /css/footer-b1db247a46.css [36m304[0m 7.543 ms - -[0m
[0mGET /js/profile_friends-6964551b19.js [36m304[0m 0.669 ms - -[0m
[0mGET /js/layout-0359b12fd6.js [36m304[0m 0.596 ms - -[0m
[0mGET /users/profile/64df93dfcfe52510ba96a707 [36m304[0m 16.648 ms - -[0m
[0mGET /css/user_layout-24d24ef3ea.css [36m304[0m 1.577 ms - -[0m
[0mGET /css/profile-157a1823ef.css [36m304[0m 5.142 ms - -[0m
[0mGET /css/layout-304d407825.css [36m304[0m 3.741 ms - -[0m
[0mGET /css/header-8a270c3bd9.css [36m304[0m 4.391 ms - -[0m
[0mGET /css/footer-b1db247a46.css [36m304[0m 1.106 ms - -[0m
[0mGET /js/profile_friends-6964551b19.js [36m304[0m 0.770 ms - -[0m
[0mGET /js/layout-0359b12fd6.js [36m304[0m 0.685 ms - -[0m
[0mGET /css/user_layout-24d24ef3ea.css [36m304[0m 1.721 ms - -[0m
[0mGET /css/profile-157a1823ef.css [36m304[0m 2.992 ms - -[0m
[0mGET /css/layout-304d407825.css [36m304[0m 1.714 ms - -[0m
[0mGET /css/header-8a270c3bd9.css [36m304[0m 1.553 ms - -[0m
[0mGET /css/footer-b1db247a46.css [36m304[0m 0.834 ms - -[0m
[0mGET /users/profile/64df93dfcfe52510ba96a707 [36m304[0m 45.439 ms - -[0m
[0mGET /css/user_layout-24d24ef3ea.css [36m304[0m 5.448 ms - -[0m
[0mGET /css/profile-157a1823ef.css [36m304[0m 4.263 ms - -[0m
[0mGET /css/footer-b1db247a46.css [36m304[0m 2.505 ms - -[0m
[0mGET /css/layout-304d407825.css [36m304[0m 2.491 ms - -[0m
[0mGET /css/header-8a270c3bd9.css [36m304[0m 2.057 ms - -[0m
[0mGET /js/profile_friends-6964551b19.js [36m304[0m 0.669 ms - -[0m
[0mGET /js/layout-0359b12fd6.js [36m304[0m 0.760 ms - -[0m
[0mGET /users/profile/64df93dfcfe52510ba96a707 [36m304[0m 18.771 ms - -[0m
[0mGET /css/user_layout-24d24ef3ea.css [36m304[0m 1.340 ms - -[0m
[0mGET /css/profile-157a1823ef.css [36m304[0m 1.403 ms - -[0m
[0mGET /css/layout-304d407825.css [36m304[0m 2.086 ms - -[0m
[0mGET /css/header-8a270c3bd9.css [36m304[0m 4.215 ms - -[0m
[0mGET /css/footer-b1db247a46.css [36m304[0m 5.126 ms - -[0m
[0mGET /js/profile_friends-6964551b19.js [36m304[0m 0.799 ms - -[0m
[0mGET /js/layout-0359b12fd6.js [36m304[0m 0.835 ms - -[0m
[0mGET /users/profile/64df93dfcfe52510ba96a707 [36m304[0m 44.083 ms - -[0m
[0mGET /css/user_layout-24d24ef3ea.css [36m304[0m 2.568 ms - -[0m
[0mGET /css/profile-157a1823ef.css [36m304[0m 1.570 ms - -[0m
[0mGET /css/layout-304d407825.css [36m304[0m 1.867 ms - -[0m
[0mGET /css/header-8a270c3bd9.css [36m304[0m 1.662 ms - -[0m
[0mGET /css/footer-b1db247a46.css [36m304[0m 1.309 ms - -[0m
[0mGET /js/profile_friends-6964551b19.js [36m304[0m 1.188 ms - -[0m
[0mGET /js/layout-0359b12fd6.js [36m304[0m 1.110 ms - -[0m
[0mGET /users/profile/64df93dfcfe52510ba96a707 [36m304[0m 16.225 ms - -[0m
[0mGET /css/user_layout-24d24ef3ea.css [36m304[0m 2.784 ms - -[0m
[0mGET /css/profile-157a1823ef.css [36m304[0m 2.365 ms - -[0m
[0mGET /css/layout-304d407825.css [36m304[0m 2.347 ms - -[0m
[0mGET /css/header-8a270c3bd9.css [36m304[0m 3.854 ms - -[0m
[0mGET /css/footer-b1db247a46.css [36m304[0m 3.761 ms - -[0m
[0mGET /js/profile_friends-6964551b19.js [36m304[0m 0.633 ms - -[0m
[0mGET /js/layout-0359b12fd6.js [36m304[0m 0.801 ms - -[0m
[0mGET /users/profile/64df93dfcfe52510ba96a707 [36m304[0m 19.061 ms - -[0m
[0mGET /css/user_layout-24d24ef3ea.css [36m304[0m 0.818 ms - -[0m
[0mGET /css/profile-157a1823ef.css [36m304[0m 2.118 ms - -[0m
[0mGET /css/layout-304d407825.css [36m304[0m 4.231 ms - -[0m
[0mGET /css/header-8a270c3bd9.css [36m304[0m 1.832 ms - -[0m
[0mGET /css/footer-b1db247a46.css [36m304[0m 1.911 ms - -[0m
[0mGET /js/profile_friends-6964551b19.js [36m304[0m 0.805 ms - -[0m
[0mGET /js/layout-0359b12fd6.js [36m304[0m 0.784 ms - -[0m
[0mGET /users/profile/64df93dfcfe52510ba96a707 [36m304[0m 46.320 ms - -[0m
[0mGET /css/user_layout-24d24ef3ea.css [36m304[0m 3.735 ms - -[0m
[0mGET /css/profile-157a1823ef.css [36m304[0m 2.376 ms - -[0m
[0mGET /css/layout-304d407825.css [36m304[0m 1.893 ms - -[0m
[0mGET /css/header-8a270c3bd9.css [36m304[0m 1.296 ms - -[0m
[0mGET /css/footer-b1db247a46.css [36m304[0m 1.100 ms - -[0m
[0mGET /js/profile_friends-6964551b19.js [36m304[0m 1.145 ms - -[0m
[0mGET /js/layout-0359b12fd6.js [36m304[0m 1.525 ms - -[0m
[0mGET /friends/addfriend/64df93dfcfe52510ba96a707/64b408592ce3f05a5d429cf4 [36m304[0m 15.416 ms - -[0m
[0mGET /users/profile/64df93dfcfe52510ba96a707 [32m200[0m 15.929 ms - 2750[0m
[0mGET /css/user_layout-24d24ef3ea.css [36m304[0m 2.594 ms - -[0m
[0mGET /css/profile-157a1823ef.css [36m304[0m 2.947 ms - -[0m
[0mGET /css/layout-304d407825.css [36m304[0m 4.064 ms - -[0m
[0mGET /css/header-8a270c3bd9.css [36m304[0m 4.561 ms - -[0m
[0mGET /css/footer-b1db247a46.css [36m304[0m 0.841 ms - -[0m
[0mGET /js/profile_friends-6964551b19.js [36m304[0m 0.875 ms - -[0m
[0mGET /js/layout-0359b12fd6.js [36m304[0m 1.140 ms - -[0m
[0mGET /friends/addfriend/64df93dfcfe52510ba96a707/64b408592ce3f05a5d429cf4 [36m304[0m 13.251 ms - -[0m
[0mGET /users/profile/64df93dfcfe52510ba96a707 [32m200[0m 11.794 ms - 2854[0m
[0mGET /css/user_layout-24d24ef3ea.css [36m304[0m 1.229 ms - -[0m
[0mGET /css/profile-157a1823ef.css [36m304[0m 1.321 ms - -[0m
[0mGET /css/layout-304d407825.css [36m304[0m 1.649 ms - -[0m
[0mGET /css/header-8a270c3bd9.css [36m304[0m 1.205 ms - -[0m
[0mGET /css/footer-b1db247a46.css [36m304[0m 1.334 ms - -[0m
[0mGET /js/profile_friends-6964551b19.js [36m304[0m 0.896 ms - -[0m
[0mGET /js/layout-0359b12fd6.js [36m304[0m 0.959 ms - -[0m
[0mGET /users/profile/64df93dfcfe52510ba96a707 [36m304[0m 13.609 ms - -[0m
[0mGET /css/user_layout-24d24ef3ea.css [36m304[0m 1.538 ms - -[0m
[0mGET /css/profile-157a1823ef.css [36m304[0m 1.536 ms - -[0m
[0mGET /css/layout-304d407825.css [36m304[0m 1.632 ms - -[0m
[0mGET /css/header-8a270c3bd9.css [36m304[0m 2.512 ms - -[0m
[0mGET /css/footer-b1db247a46.css [36m304[0m 1.505 ms - -[0m
[0mGET /js/profile_friends-6964551b19.js [36m304[0m 0.715 ms - -[0m
[0mGET /js/layout-0359b12fd6.js [36m304[0m 0.645 ms - -[0m
[0mGET / [32m200[0m 43.743 ms - 7405[0m
[0mGET /css/home-8965d79b66.css [36m304[0m 0.965 ms - -[0m
[0mGET /css/chat-122000640c.css [36m304[0m 0.947 ms - -[0m
[0mGET /css/layout-304d407825.css [36m304[0m 5.622 ms - -[0m
[0mGET /css/header-8a270c3bd9.css [36m304[0m 1.824 ms - -[0m
[0mGET /css/footer-b1db247a46.css [36m304[0m 1.832 ms - -[0m
[0mGET /js/home_comment-2fd757c0ba.js [36m304[0m 2.110 ms - -[0m
[0mGET /js/home_post-8f9afa89c7.js [36m304[0m 1.297 ms - -[0m
[0mGET /js/home_likes-d243187a55.js [36m304[0m 1.564 ms - -[0m
[0mGET /js/chat_engine-b9deb09065.js [36m304[0m 4.296 ms - -[0m
[0mGET /js/layout-0359b12fd6.js [36m304[0m 1.320 ms - -[0m
[0mGET /users/profile/64df93dfcfe52510ba96a707 [36m304[0m 13.825 ms - -[0m
[0mGET /css/user_layout-24d24ef3ea.css [36m304[0m 1.005 ms - -[0m
[0mGET /css/profile-157a1823ef.css [36m304[0m 0.688 ms - -[0m
[0mGET /css/layout-304d407825.css [36m304[0m 3.570 ms - -[0m
[0mGET /css/header-8a270c3bd9.css [36m304[0m 2.578 ms - -[0m
[0mGET /css/footer-b1db247a46.css [36m304[0m 1.976 ms - -[0m
[0mGET /js/profile_friends-6964551b19.js [36m304[0m 1.303 ms - -[0m
[0mGET /js/layout-0359b12fd6.js [36m304[0m 1.587 ms - -[0m
[0mGET /friends/addfriend/64df93dfcfe52510ba96a707/64b408592ce3f05a5d429cf4 [36m304[0m 8.801 ms - -[0m
[0mGET /users/profile/64df93dfcfe52510ba96a707 [32m200[0m 45.020 ms - 2750[0m
[0mGET /css/user_layout-24d24ef3ea.css [36m304[0m 6.677 ms - -[0m
[0mGET /css/profile-157a1823ef.css [36m304[0m 4.422 ms - -[0m
[0mGET /css/layout-304d407825.css [36m304[0m 3.185 ms - -[0m
[0mGET /css/header-8a270c3bd9.css [36m304[0m 5.032 ms - -[0m
[0mGET /css/footer-b1db247a46.css [36m304[0m 1.501 ms - -[0m
[0mGET /js/profile_friends-6964551b19.js [36m304[0m 1.258 ms - -[0m
[0mGET /js/layout-0359b12fd6.js [36m304[0m 1.263 ms - -[0m
[0mGET /friends/addfriend/64df93dfcfe52510ba96a707/64b408592ce3f05a5d429cf4 [36m304[0m 23.348 ms - -[0m
[0mGET /users/profile/64df93dfcfe52510ba96a707 [32m200[0m 18.724 ms - 2854[0m
[0mGET /css/user_layout-24d24ef3ea.css [36m304[0m 1.981 ms - -[0m
[0mGET /css/layout-304d407825.css [36m304[0m 3.289 ms - -[0m
[0mGET /css/profile-157a1823ef.css [36m304[0m 3.226 ms - -[0m
[0mGET /css/header-8a270c3bd9.css [36m304[0m 2.076 ms - -[0m
[0mGET /css/footer-b1db247a46.css [36m304[0m 2.242 ms - -[0m
[0mGET /js/profile_friends-6964551b19.js [36m304[0m 0.943 ms - -[0m
[0mGET /js/layout-0359b12fd6.js [36m304[0m 1.133 ms - -[0m
[0mGET / [36m304[0m 41.131 ms - -[0m
[0mGET /css/home-8965d79b66.css [36m304[0m 0.818 ms - -[0m
[0mGET /css/chat-122000640c.css [36m304[0m 0.987 ms - -[0m
[0mGET /css/header-8a270c3bd9.css [36m304[0m 6.835 ms - -[0m
[0mGET /css/layout-304d407825.css [36m304[0m 6.070 ms - -[0m
[0mGET /js/home_comment-2fd757c0ba.js [36m304[0m 5.948 ms - -[0m
[0mGET /css/footer-b1db247a46.css [36m304[0m 14.856 ms - -[0m
[0mGET /js/home_likes-d243187a55.js [36m304[0m 9.517 ms - -[0m
[0mGET /js/home_post-8f9afa89c7.js [36m304[0m 2.667 ms - -[0m
[0mGET /js/chat_engine-b9deb09065.js [36m304[0m 5.726 ms - -[0m
[0mGET /js/layout-0359b12fd6.js [36m304[0m 6.409 ms - -[0m
[0mGET /users/profile/64df93dfcfe52510ba96a707 [36m304[0m 15.279 ms - -[0m
[0mGET /css/user_layout-24d24ef3ea.css [36m304[0m 1.203 ms - -[0m
[0mGET /css/profile-157a1823ef.css [36m304[0m 1.420 ms - -[0m
[0mGET /css/layout-304d407825.css [36m304[0m 1.259 ms - -[0m
[0mGET /css/header-8a270c3bd9.css [36m304[0m 1.202 ms - -[0m
[0mGET /css/footer-b1db247a46.css [36m304[0m 0.464 ms - -[0m
[0mGET /js/profile_friends-6964551b19.js [36m304[0m 0.683 ms - -[0m
[0mGET /js/layout-0359b12fd6.js [36m304[0m 0.545 ms - -[0m
[0mGET /friends/addfriend/64df93dfcfe52510ba96a707/64b408592ce3f05a5d429cf4 [36m304[0m 7.697 ms - -[0m
[0mGET / [32m200[0m 26.808 ms - 7302[0m
[0mGET /css/home-8965d79b66.css [36m304[0m 1.078 ms - -[0m
[0mGET /css/chat-122000640c.css [36m304[0m 1.458 ms - -[0m
[0mGET /css/layout-304d407825.css [36m304[0m 2.136 ms - -[0m
[0mGET /css/header-8a270c3bd9.css [36m304[0m 5.952 ms - -[0m
[0mGET /js/home_comment-2fd757c0ba.js [36m304[0m 2.979 ms - -[0m
[0mGET /js/home_post-8f9afa89c7.js [36m304[0m 2.779 ms - -[0m
[0mGET /css/footer-b1db247a46.css [36m304[0m 2.523 ms - -[0m
[0mGET /js/home_likes-d243187a55.js [36m304[0m 1.216 ms - -[0m
[0mGET /js/chat_engine-b9deb09065.js [36m304[0m 1.933 ms - -[0m
[0mGET /js/layout-0359b12fd6.js [36m304[0m 1.244 ms - -[0m
[0mGET / [36m304[0m 27.935 ms - -[0m
[0mGET /css/home-8965d79b66.css [36m304[0m 1.023 ms - -[0m
[0mGET /css/chat-122000640c.css [36m304[0m 0.999 ms - -[0m
[0mGET /css/layout-304d407825.css [36m304[0m 0.650 ms - -[0m
[0mGET /css/header-8a270c3bd9.css [36m304[0m 1.485 ms - -[0m
[0mGET /css/footer-b1db247a46.css [36m304[0m 1.356 ms - -[0m
[0mGET /js/home_comment-2fd757c0ba.js [36m304[0m 1.123 ms - -[0m
[0mGET /js/home_post-8f9afa89c7.js [36m304[0m 1.324 ms - -[0m
[0mGET /js/home_likes-d243187a55.js [36m304[0m 3.112 ms - -[0m
[0mGET /js/chat_engine-b9deb09065.js [36m304[0m 2.278 ms - -[0m
[0mGET /js/layout-0359b12fd6.js [36m304[0m 1.566 ms - -[0m
[0mGET /users/profile/64df93dfcfe52510ba96a707 [32m200[0m 14.036 ms - 2747[0m
[0mGET /css/user_layout-24d24ef3ea.css [36m304[0m 1.448 ms - -[0m
[0mGET /css/profile-157a1823ef.css [36m304[0m 1.408 ms - -[0m
[0mGET /css/layout-304d407825.css [36m304[0m 5.406 ms - -[0m
[0mGET /css/header-8a270c3bd9.css [36m304[0m 4.112 ms - -[0m
[0mGET /css/footer-b1db247a46.css [36m304[0m 0.412 ms - -[0m
[0mGET /js/profile_friends-6964551b19.js [36m304[0m 0.402 ms - -[0m
[0mGET /js/layout-0359b12fd6.js [36m304[0m 0.515 ms - -[0m
[0mGET /friends/addfriend/64df93dfcfe52510ba96a707/64b408592ce3f05a5d429cf4 [36m304[0m 10.283 ms - -[0m
[0mGET /users/profile/64df93dfcfe52510ba96a707 [32m200[0m 10.251 ms - 2967[0m
[0mGET /css/user_layout-24d24ef3ea.css [36m304[0m 3.900 ms - -[0m
[0mGET /css/profile-157a1823ef.css [36m304[0m 3.948 ms - -[0m
[0mGET /css/layout-304d407825.css [36m304[0m 5.050 ms - -[0m
[0mGET /css/header-8a270c3bd9.css [36m304[0m 2.068 ms - -[0m
[0mGET /css/footer-b1db247a46.css [36m304[0m 2.159 ms - -[0m
[0mGET /js/profile_friends-6964551b19.js [36m304[0m 0.714 ms - -[0m
[0mGET /js/layout-0359b12fd6.js [36m304[0m 0.609 ms - -[0m
[0mGET /users/profile/64df93dfcfe52510ba96a707 [36m304[0m 12.564 ms - -[0m
[0mGET /css/user_layout-24d24ef3ea.css [36m304[0m 3.309 ms - -[0m
[0mGET /css/profile-157a1823ef.css [36m304[0m 0.696 ms - -[0m
[0mGET /css/layout-304d407825.css [36m304[0m 0.978 ms - -[0m
[0mGET /css/header-8a270c3bd9.css [36m304[0m 1.469 ms - -[0m
[0mGET /css/footer-b1db247a46.css [36m304[0m 0.932 ms - -[0m
[0mGET /js/profile_friends-6964551b19.js [36m304[0m 0.663 ms - -[0m
[0mGET /js/layout-0359b12fd6.js [36m304[0m 0.643 ms - -[0m
[0mGET /friends/addfriend/64df93dfcfe52510ba96a707/64b408592ce3f05a5d429cf4 [36m304[0m 7.731 ms - -[0m
[0mGET / [36m304[0m 58.742 ms - -[0m
[0mGET /css/home-8965d79b66.css [36m304[0m 0.930 ms - -[0m
[0mGET /css/chat-122000640c.css [36m304[0m 3.615 ms - -[0m
[0mGET /css/layout-304d407825.css [36m304[0m 3.999 ms - -[0m
[0mGET /css/header-8a270c3bd9.css [36m304[0m 2.585 ms - -[0m
[0mGET /css/footer-b1db247a46.css [36m304[0m 3.552 ms - -[0m
[0mGET /js/home_comment-2fd757c0ba.js [36m304[0m 2.478 ms - -[0m
[0mGET /js/home_likes-d243187a55.js [36m304[0m 2.647 ms - -[0m
[0mGET /js/home_post-8f9afa89c7.js [36m304[0m 2.589 ms - -[0m
[0mGET /js/chat_engine-b9deb09065.js [36m304[0m 3.335 ms - -[0m
[0mGET /js/layout-0359b12fd6.js [36m304[0m 4.283 ms - -[0m
[0mGET /users/profile/64df93dfcfe52510ba96a707 [32m200[0m 15.126 ms - 2747[0m
[0mGET /css/user_layout-24d24ef3ea.css [36m304[0m 2.009 ms - -[0m
[0mGET /css/profile-157a1823ef.css [36m304[0m 0.699 ms - -[0m
[0mGET /css/layout-304d407825.css [36m304[0m 1.027 ms - -[0m
[0mGET /css/header-8a270c3bd9.css [36m304[0m 1.247 ms - -[0m
[0mGET /css/footer-b1db247a46.css [36m304[0m 1.141 ms - -[0m
[0mGET /js/profile_friends-6964551b19.js [36m304[0m 0.974 ms - -[0m
[0mGET /js/layout-0359b12fd6.js [36m304[0m 0.781 ms - -[0m
[0mGET /friends/addfriend/64df93dfcfe52510ba96a707/64b408592ce3f05a5d429cf4 [36m304[0m 10.118 ms - -[0m
[0mGET /friends/addfriend/64df93dfcfe52510ba96a707/64b408592ce3f05a5d429cf4 [36m304[0m 12.683 ms - -[0m
[0mGET /users/profile/64df93dfcfe52510ba96a707 [36m304[0m 50.030 ms - -[0m
[0mGET /css/user_layout-24d24ef3ea.css [36m304[0m 2.644 ms - -[0m
[0mGET /css/profile-157a1823ef.css [36m304[0m 3.709 ms - -[0m
[0mGET /css/layout-304d407825.css [36m304[0m 1.819 ms - -[0m
[0mGET /css/footer-b1db247a46.css [36m304[0m 1.975 ms - -[0m
[0mGET /css/header-8a270c3bd9.css [36m304[0m 1.812 ms - -[0m
[0mGET /js/profile_friends-6964551b19.js [36m304[0m 1.699 ms - -[0m
[0mGET /js/layout-0359b12fd6.js [36m304[0m 1.497 ms - -[0m
[0mGET / [36m304[0m 49.956 ms - -[0m
[0mGET /css/home-8965d79b66.css [36m304[0m 4.548 ms - -[0m
[0mGET /css/chat-122000640c.css [36m304[0m 2.929 ms - -[0m
[0mGET /css/layout-304d407825.css [36m304[0m 5.643 ms - -[0m
[0mGET /css/header-8a270c3bd9.css [36m304[0m 6.096 ms - -[0m
[0mGET /css/footer-b1db247a46.css [36m304[0m 7.334 ms - -[0m
[0mGET /js/home_comment-2fd757c0ba.js [36m304[0m 8.002 ms - -[0m
[0mGET /js/home_post-8f9afa89c7.js [36m304[0m 7.434 ms - -[0m
[0mGET /js/home_likes-d243187a55.js [36m304[0m 0.601 ms - -[0m
[0mGET /js/chat_engine-b9deb09065.js [36m304[0m 1.463 ms - -[0m
[0mGET /js/layout-0359b12fd6.js [36m304[0m 0.800 ms - -[0m
[0mGET / [36m304[0m 33.863 ms - -[0m
[0mGET /css/home-8965d79b66.css [36m304[0m 1.821 ms - -[0m
[0mGET /css/chat-122000640c.css [36m304[0m 4.908 ms - -[0m
[0mGET /css/layout-304d407825.css [36m304[0m 3.048 ms - -[0m
[0mGET /css/header-8a270c3bd9.css [36m304[0m 4.845 ms - -[0m
[0mGET /css/footer-b1db247a46.css [36m304[0m 3.905 ms - -[0m
[0mGET /js/home_comment-2fd757c0ba.js [36m304[0m 6.332 ms - -[0m
[0mGET /js/home_post-8f9afa89c7.js [36m304[0m 2.596 ms - -[0m
[0mGET /js/home_likes-d243187a55.js [36m304[0m 3.879 ms - -[0m
[0mGET /js/chat_engine-b9deb09065.js [36m304[0m 2.022 ms - -[0m
[0mGET /js/layout-0359b12fd6.js [36m304[0m 2.500 ms - -[0m
[0mGET /users/profile/64b40df94846a3cfc090d037 [36m304[0m 60.739 ms - -[0m
[0mGET /css/user_layout-24d24ef3ea.css [36m304[0m 1.143 ms - -[0m
[0mGET /css/profile-157a1823ef.css [36m304[0m 2.196 ms - -[0m
[0mGET /css/layout-304d407825.css [36m304[0m 6.670 ms - -[0m
[0mGET /css/header-8a270c3bd9.css [36m304[0m 5.980 ms - -[0m
[0mGET /css/footer-b1db247a46.css [36m304[0m 5.970 ms - -[0m
[0mGET /js/profile_friends-6964551b19.js [36m304[0m 2.277 ms - -[0m
[0mGET /js/layout-0359b12fd6.js [36m304[0m 0.619 ms - -[0m
[0mGET /friends/addfriend/64b40df94846a3cfc090d037/64b408592ce3f05a5d429cf4 [32m200[0m 11.288 ms - 74[0m
[0mGET /users/profile/64b40df94846a3cfc090d037 [32m200[0m 9.264 ms - 2662[0m
[0mGET /css/user_layout-24d24ef3ea.css [36m304[0m 1.186 ms - -[0m
[0mGET /css/profile-157a1823ef.css [36m304[0m 5.169 ms - -[0m
[0mGET /css/layout-304d407825.css [36m304[0m 3.908 ms - -[0m
[0mGET /css/header-8a270c3bd9.css [36m304[0m 2.614 ms - -[0m
[0mGET /css/footer-b1db247a46.css [36m304[0m 2.566 ms - -[0m
[0mGET /js/profile_friends-6964551b19.js [36m304[0m 0.814 ms - -[0m
[0mGET /js/layout-0359b12fd6.js [36m304[0m 0.783 ms - -[0m
[0mGET /users/profile/64b40df94846a3cfc090d037 [36m304[0m 10.150 ms - -[0m
[0mGET /css/user_layout-24d24ef3ea.css [36m304[0m 2.668 ms - -[0m
[0mGET /css/profile-157a1823ef.css [36m304[0m 3.199 ms - -[0m
[0mGET /css/layout-304d407825.css [36m304[0m 4.603 ms - -[0m
[0mGET /css/header-8a270c3bd9.css [36m304[0m 2.659 ms - -[0m
[0mGET /css/footer-b1db247a46.css [36m304[0m 4.292 ms - -[0m
[0mGET /js/profile_friends-6964551b19.js [36m304[0m 0.563 ms - -[0m
[0mGET /js/layout-0359b12fd6.js [36m304[0m 0.929 ms - -[0m
[0mGET /users/profile/64b40df94846a3cfc090d037 [36m304[0m 8.351 ms - -[0m
[0mGET /css/user_layout-24d24ef3ea.css [36m304[0m 1.302 ms - -[0m
[0mGET /css/profile-157a1823ef.css [36m304[0m 1.499 ms - -[0m
[0mGET /css/layout-304d407825.css [36m304[0m 3.248 ms - -[0m
[0mGET /css/header-8a270c3bd9.css [36m304[0m 3.194 ms - -[0m
[0mGET /css/footer-b1db247a46.css [36m304[0m 3.072 ms - -[0m
[0mGET /js/profile_friends-6964551b19.js [36m304[0m 0.563 ms - -[0m
[0mGET /js/layout-0359b12fd6.js [36m304[0m 1.099 ms - -[0m
[0mGET /css/home-8965d79b66.css [36m304[0m 0.531 ms - -[0m
[0mGET / [32m200[0m 17.109 ms - 7196[0m
[0mGET /css/chat-122000640c.css [36m304[0m 4.487 ms - -[0m
[0mGET /css/layout-304d407825.css [36m304[0m 3.858 ms - -[0m
[0mGET /css/header-8a270c3bd9.css [36m304[0m 2.327 ms - -[0m
[0mGET /css/footer-b1db247a46.css [36m304[0m 4.301 ms - -[0m
[0mGET /js/home_comment-2fd757c0ba.js [36m304[0m 3.670 ms - -[0m
[0mGET /js/home_post-8f9afa89c7.js [36m304[0m 3.258 ms - -[0m
[0mGET /js/home_likes-d243187a55.js [36m304[0m 1.167 ms - -[0m
[0mGET /js/chat_engine-b9deb09065.js [36m304[0m 1.327 ms - -[0m
[0mGET /js/layout-0359b12fd6.js [36m304[0m 1.528 ms - -[0m
[0mGET /users/profile/64b40df94846a3cfc090d037 [36m304[0m 11.886 ms - -[0m
[0mGET /css/user_layout-24d24ef3ea.css [36m304[0m 0.996 ms - -[0m
[0mGET /css/profile-157a1823ef.css [36m304[0m 1.002 ms - -[0m
[0mGET /css/layout-304d407825.css [36m304[0m 2.397 ms - -[0m
[0mGET /css/header-8a270c3bd9.css [36m304[0m 1.317 ms - -[0m
[0mGET /css/footer-b1db247a46.css [36m304[0m 1.627 ms - -[0m
[0mGET /js/profile_friends-6964551b19.js [36m304[0m 0.849 ms - -[0m
[0mGET /js/layout-0359b12fd6.js [36m304[0m 2.403 ms - -[0m
[0mGET /users/profile/64df93dfcfe52510ba96a707 [32m200[0m 10.849 ms - 2652[0m
[0mGET /css/user_layout-24d24ef3ea.css [36m304[0m 1.002 ms - -[0m
[0mGET /css/profile-157a1823ef.css [36m304[0m 1.207 ms - -[0m
[0mGET /css/layout-304d407825.css [36m304[0m 1.948 ms - -[0m
[0mGET /css/header-8a270c3bd9.css [36m304[0m 2.131 ms - -[0m
[0mGET /css/footer-b1db247a46.css [36m304[0m 3.088 ms - -[0m
[0mGET /js/profile_friends-6964551b19.js [36m304[0m 0.826 ms - -[0m
[0mGET /js/layout-0359b12fd6.js [36m304[0m 0.713 ms - -[0m
[0mGET / [36m304[0m 18.683 ms - -[0m
[0mGET /css/home-8965d79b66.css [36m304[0m 4.006 ms - -[0m
[0mGET /css/chat-122000640c.css [36m304[0m 0.850 ms - -[0m
[0mGET /css/layout-304d407825.css [36m304[0m 2.419 ms - -[0m
[0mGET /css/header-8a270c3bd9.css [36m304[0m 2.820 ms - -[0m
[0mGET /css/footer-b1db247a46.css [36m304[0m 3.192 ms - -[0m
[0mGET /js/home_comment-2fd757c0ba.js [36m304[0m 6.838 ms - -[0m
[0mGET /js/home_post-8f9afa89c7.js [36m304[0m 7.047 ms - -[0m
[0mGET /js/home_likes-d243187a55.js [36m304[0m 7.095 ms - -[0m
[0mGET /js/chat_engine-b9deb09065.js [36m304[0m 4.330 ms - -[0m
[0mGET /js/layout-0359b12fd6.js [36m304[0m 2.983 ms - -[0m
[0mGET /users/profile/64b408592ce3f05a5d429cf4 [32m200[0m 11.060 ms - 2800[0m
[0mGET /css/user_layout-24d24ef3ea.css [36m304[0m 1.211 ms - -[0m
[0mGET /css/profile-157a1823ef.css [36m304[0m 1.156 ms - -[0m
[0mGET /css/layout-304d407825.css [36m304[0m 1.631 ms - -[0m
[0mGET /css/header-8a270c3bd9.css [36m304[0m 2.234 ms - -[0m
[0mGET /css/footer-b1db247a46.css [36m304[0m 1.358 ms - -[0m
[0mGET /js/profile_friends-6964551b19.js [36m304[0m 0.723 ms - -[0m
[0mGET /js/layout-0359b12fd6.js [36m304[0m 0.581 ms - -[0m
[0mGET /users/profile/64df93dfcfe52510ba96a707 [32m200[0m 9.550 ms - 2643[0m
[0mGET /css/user_layout-24d24ef3ea.css [36m304[0m 1.470 ms - -[0m
[0mGET /css/profile-157a1823ef.css [36m304[0m 1.484 ms - -[0m
[0mGET /css/layout-304d407825.css [36m304[0m 0.633 ms - -[0m
[0mGET /css/header-8a270c3bd9.css [36m304[0m 3.859 ms - -[0m
[0mGET /css/footer-b1db247a46.css [36m304[0m 2.319 ms - -[0m
[0mGET /js/profile_friends-6964551b19.js [36m304[0m 0.719 ms - -[0m
[0mGET /js/layout-0359b12fd6.js [36m304[0m 0.942 ms - -[0m
[0mGET /friends/addfriend/64df93dfcfe52510ba96a707/64b408592ce3f05a5d429cf4 [36m304[0m 10.472 ms - -[0m
[0mGET /users/profile/64df93dfcfe52510ba96a707 [32m200[0m 12.806 ms - 2751[0m
[0mGET /css/user_layout-24d24ef3ea.css [36m304[0m 1.349 ms - -[0m
[0mGET /css/profile-157a1823ef.css [36m304[0m 2.219 ms - -[0m
[0mGET /css/layout-304d407825.css [36m304[0m 1.441 ms - -[0m
[0mGET /css/header-8a270c3bd9.css [36m304[0m 1.689 ms - -[0m
[0mGET /css/footer-b1db247a46.css [36m304[0m 1.804 ms - -[0m
[0mGET /js/profile_friends-6964551b19.js [36m304[0m 0.598 ms - -[0m
[0mGET /js/layout-0359b12fd6.js [36m304[0m 1.192 ms - -[0m
[0mGET /friends/addfriend/64df93dfcfe52510ba96a707/64b408592ce3f05a5d429cf4 [32m200[0m 8.981 ms - 74[0m
[0mGET /users/profile/64df93dfcfe52510ba96a707 [32m200[0m 10.178 ms - 2643[0m
[0mGET /css/user_layout-24d24ef3ea.css [36m304[0m 1.659 ms - -[0m
[0mGET /css/profile-157a1823ef.css [36m304[0m 4.382 ms - -[0m
[0mGET /css/layout-304d407825.css [36m304[0m 2.946 ms - -[0m
[0mGET /css/header-8a270c3bd9.css [36m304[0m 3.474 ms - -[0m
[0mGET /css/footer-b1db247a46.css [36m304[0m 1.803 ms - -[0m
[0mGET /js/profile_friends-6964551b19.js [36m304[0m 0.588 ms - -[0m
[0mGET /js/layout-0359b12fd6.js [36m304[0m 0.534 ms - -[0m
[0mGET /friends/addfriend/64df93dfcfe52510ba96a707/64b408592ce3f05a5d429cf4 [32m200[0m 10.185 ms - 73[0m
[0mGET /users/sign-out [36m302[0m 9.984 ms - 46[0m
[0mGET / [32m200[0m 23.602 ms - 4999[0m
[0mGET /css/home-8965d79b66.css [36m304[0m 0.820 ms - -[0m
[0mGET /css/layout-304d407825.css [36m304[0m 0.432 ms - -[0m
[0mGET /css/header-8a270c3bd9.css [36m304[0m 0.496 ms - -[0m
[0mGET /css/footer-b1db247a46.css [36m304[0m 0.567 ms - -[0m
[0mGET /js/home_comment-2fd757c0ba.js [36m304[0m 0.315 ms - -[0m
[0mGET /js/home_post-8f9afa89c7.js [36m304[0m 0.966 ms - -[0m
[0mGET /js/home_likes-d243187a55.js [36m304[0m 1.567 ms - -[0m
[0mGET /js/chat_engine-b9deb09065.js [36m304[0m 1.220 ms - -[0m
[0mGET /js/layout-0359b12fd6.js [36m304[0m 1.203 ms - -[0m
[0mGET /users/signup [32m200[0m 10.401 ms - 2258[0m
[0mGET /css/layout-304d407825.css [36m304[0m 2.117 ms - -[0m
[0mGET /css/header-8a270c3bd9.css [36m304[0m 0.901 ms - -[0m
[0mGET /css/footer-b1db247a46.css [36m304[0m 0.866 ms - -[0m
[0mGET /js/layout-0359b12fd6.js [36m304[0m 2.015 ms - -[0m
[0mPOST /users/create-session [36m302[0m 7.013 ms - 46[0m
[0mGET / [32m200[0m 25.005 ms - 7589[0m
[0mGET /css/home-8965d79b66.css [36m304[0m 1.008 ms - -[0m
[0mGET /css/chat-122000640c.css [36m304[0m 1.116 ms - -[0m
[0mGET /css/layout-304d407825.css [36m304[0m 1.606 ms - -[0m
[0mGET /css/header-8a270c3bd9.css [36m304[0m 6.064 ms - -[0m
[0mGET /css/footer-b1db247a46.css [36m304[0m 5.056 ms - -[0m
[0mGET /js/home_comment-2fd757c0ba.js [36m304[0m 3.963 ms - -[0m
[0mGET /js/home_post-8f9afa89c7.js [36m304[0m 3.070 ms - -[0m
[0mGET /js/home_likes-d243187a55.js [36m304[0m 3.162 ms - -[0m
[0mGET /js/chat_engine-b9deb09065.js [36m304[0m 3.238 ms - -[0m
[0mGET /js/layout-0359b12fd6.js [36m304[0m 0.635 ms - -[0m
[0mGET /users/profile/64b408592ce3f05a5d429cf4 [32m200[0m 16.379 ms - 2694[0m
[0mGET /css/user_layout-24d24ef3ea.css [36m304[0m 0.849 ms - -[0m
[0mGET /css/profile-157a1823ef.css [36m304[0m 0.759 ms - -[0m
[0mGET /css/layout-304d407825.css [36m304[0m 0.957 ms - -[0m
[0mGET /css/header-8a270c3bd9.css [36m304[0m 1.667 ms - -[0m
[0mGET /css/footer-b1db247a46.css [36m304[0m 1.699 ms - -[0m
[0mGET /js/profile_friends-6964551b19.js [36m304[0m 1.839 ms - -[0m
[0mGET /js/layout-0359b12fd6.js [36m304[0m 1.900 ms - -[0m
[0mGET /friends/addfriend/64b408592ce3f05a5d429cf4/64df93dfcfe52510ba96a707 [32m200[0m 9.179 ms - 74[0m
[0mGET / [32m200[0m 22.345 ms - 7200[0m
[0mGET /css/home-8965d79b66.css [36m304[0m 1.392 ms - -[0m
[0mGET /css/chat-122000640c.css [36m304[0m 1.085 ms - -[0m
[0mGET /css/layout-304d407825.css [36m304[0m 3.334 ms - -[0m
[0mGET /css/header-8a270c3bd9.css [36m304[0m 4.568 ms - -[0m
[0mGET /css/footer-b1db247a46.css [36m304[0m 4.739 ms - -[0m
[0mGET /js/home_comment-2fd757c0ba.js [36m304[0m 8.611 ms - -[0m
[0mGET /js/home_post-8f9afa89c7.js [36m304[0m 2.738 ms - -[0m
[0mGET /js/home_likes-d243187a55.js [36m304[0m 2.822 ms - -[0m
[0mGET /js/chat_engine-b9deb09065.js [36m304[0m 1.147 ms - -[0m
[0mGET /js/layout-0359b12fd6.js [36m304[0m 1.247 ms - -[0m
[0mGET / [36m304[0m 14.901 ms - -[0m
[0mGET /css/home-8965d79b66.css [36m304[0m 3.948 ms - -[0m
[0mGET /css/chat-122000640c.css [36m304[0m 4.755 ms - -[0m
[0mGET /css/layout-304d407825.css [36m304[0m 1.282 ms - -[0m
[0mGET /css/header-8a270c3bd9.css [36m304[0m 4.373 ms - -[0m
[0mGET /css/footer-b1db247a46.css [36m304[0m 2.539 ms - -[0m
[0mGET /js/home_comment-2fd757c0ba.js [36m304[0m 2.442 ms - -[0m
[0mGET /js/home_post-8f9afa89c7.js [36m304[0m 2.483 ms - -[0m
[0mGET /js/home_likes-d243187a55.js [36m304[0m 1.733 ms - -[0m
[0mGET /js/chat_engine-b9deb09065.js [36m304[0m 2.072 ms - -[0m
[0mGET /js/layout-0359b12fd6.js [36m304[0m 0.742 ms - -[0m
::1 - - [30/Aug/2023:03:27:05 +0000] "GET / HTTP/1.1" 200 2993 "-" "Mozilla/5.0 (Windows NT 10.0; Win64; x64) AppleWebKit/537.36 (KHTML, like Gecko) Chrome/116.0.0.0 Safari/537.36"
::1 - - [30/Aug/2023:03:27:15 +0000] "GET /css/home-8965d79b66.css HTTP/1.1" 200 222 "http://localhost:8000/" "Mozilla/5.0 (Windows NT 10.0; Win64; x64) AppleWebKit/537.36 (KHTML, like Gecko) Chrome/116.0.0.0 Safari/537.36"
::1 - - [30/Aug/2023:03:27:15 +0000] "GET /css/layout-304d407825.css HTTP/1.1" 200 66 "http://localhost:8000/" "Mozilla/5.0 (Windows NT 10.0; Win64; x64) AppleWebKit/537.36 (KHTML, like Gecko) Chrome/116.0.0.0 Safari/537.36"
::1 - - [30/Aug/2023:03:27:15 +0000] "GET /css/header-8a270c3bd9.css HTTP/1.1" 200 466 "http://localhost:8000/" "Mozilla/5.0 (Windows NT 10.0; Win64; x64) AppleWebKit/537.36 (KHTML, like Gecko) Chrome/116.0.0.0 Safari/537.36"
::1 - - [30/Aug/2023:03:27:15 +0000] "GET /css/footer-b1db247a46.css HTTP/1.1" 200 382 "http://localhost:8000/" "Mozilla/5.0 (Windows NT 10.0; Win64; x64) AppleWebKit/537.36 (KHTML, like Gecko) Chrome/116.0.0.0 Safari/537.36"
::1 - - [30/Aug/2023:03:27:15 +0000] "GET /js/home_post-8f9afa89c7.js HTTP/1.1" 200 2015 "http://localhost:8000/" "Mozilla/5.0 (Windows NT 10.0; Win64; x64) AppleWebKit/537.36 (KHTML, like Gecko) Chrome/116.0.0.0 Safari/537.36"
::1 - - [30/Aug/2023:03:27:15 +0000] "GET /js/home_comment-2fd757c0ba.js HTTP/1.1" 200 1404 "http://localhost:8000/" "Mozilla/5.0 (Windows NT 10.0; Win64; x64) AppleWebKit/537.36 (KHTML, like Gecko) Chrome/116.0.0.0 Safari/537.36"
::1 - - [30/Aug/2023:03:27:15 +0000] "GET /js/home_likes-d243187a55.js HTTP/1.1" 200 449 "http://localhost:8000/" "Mozilla/5.0 (Windows NT 10.0; Win64; x64) AppleWebKit/537.36 (KHTML, like Gecko) Chrome/116.0.0.0 Safari/537.36"
::1 - - [30/Aug/2023:03:27:15 +0000] "GET /js/chat_engine-b9deb09065.js HTTP/1.1" 200 1443 "http://localhost:8000/" "Mozilla/5.0 (Windows NT 10.0; Win64; x64) AppleWebKit/537.36 (KHTML, like Gecko) Chrome/116.0.0.0 Safari/537.36"
::1 - - [30/Aug/2023:03:27:15 +0000] "GET /js/layout-0359b12fd6.js HTTP/1.1" 200 404 "http://localhost:8000/" "Mozilla/5.0 (Windows NT 10.0; Win64; x64) AppleWebKit/537.36 (KHTML, like Gecko) Chrome/116.0.0.0 Safari/537.36"
::1 - - [30/Aug/2023:03:27:16 +0000] "GET /favicon.ico HTTP/1.1" 404 150 "http://localhost:8000/" "Mozilla/5.0 (Windows NT 10.0; Win64; x64) AppleWebKit/537.36 (KHTML, like Gecko) Chrome/116.0.0.0 Safari/537.36"
::1 - - [30/Aug/2023:03:27:17 +0000] "GET /css/home-8965d79b66.css HTTP/1.1" 304 - "http://localhost:8000/" "Mozilla/5.0 (Windows NT 10.0; Win64; x64) AppleWebKit/537.36 (KHTML, like Gecko) Chrome/116.0.0.0 Safari/537.36"
::1 - - [30/Aug/2023:03:27:17 +0000] "GET /css/layout-304d407825.css HTTP/1.1" 304 - "http://localhost:8000/" "Mozilla/5.0 (Windows NT 10.0; Win64; x64) AppleWebKit/537.36 (KHTML, like Gecko) Chrome/116.0.0.0 Safari/537.36"
::1 - - [30/Aug/2023:03:27:17 +0000] "GET /css/header-8a270c3bd9.css HTTP/1.1" 304 - "http://localhost:8000/" "Mozilla/5.0 (Windows NT 10.0; Win64; x64) AppleWebKit/537.36 (KHTML, like Gecko) Chrome/116.0.0.0 Safari/537.36"
::1 - - [30/Aug/2023:03:27:17 +0000] "GET /css/footer-b1db247a46.css HTTP/1.1" 304 - "http://localhost:8000/" "Mozilla/5.0 (Windows NT 10.0; Win64; x64) AppleWebKit/537.36 (KHTML, like Gecko) Chrome/116.0.0.0 Safari/537.36"
::1 - - [30/Aug/2023:03:27:17 +0000] "GET /js/home_comment-2fd757c0ba.js HTTP/1.1" 304 - "http://localhost:8000/" "Mozilla/5.0 (Windows NT 10.0; Win64; x64) AppleWebKit/537.36 (KHTML, like Gecko) Chrome/116.0.0.0 Safari/537.36"
::1 - - [30/Aug/2023:03:27:17 +0000] "GET /js/home_post-8f9afa89c7.js HTTP/1.1" 304 - "http://localhost:8000/" "Mozilla/5.0 (Windows NT 10.0; Win64; x64) AppleWebKit/537.36 (KHTML, like Gecko) Chrome/116.0.0.0 Safari/537.36"
::1 - - [30/Aug/2023:03:27:17 +0000] "GET /js/home_likes-d243187a55.js HTTP/1.1" 304 - "http://localhost:8000/" "Mozilla/5.0 (Windows NT 10.0; Win64; x64) AppleWebKit/537.36 (KHTML, like Gecko) Chrome/116.0.0.0 Safari/537.36"
::1 - - [30/Aug/2023:03:27:17 +0000] "GET /js/chat_engine-b9deb09065.js HTTP/1.1" 304 - "http://localhost:8000/" "Mozilla/5.0 (Windows NT 10.0; Win64; x64) AppleWebKit/537.36 (KHTML, like Gecko) Chrome/116.0.0.0 Safari/537.36"
::1 - - [30/Aug/2023:03:27:17 +0000] "GET /js/layout-0359b12fd6.js HTTP/1.1" 304 - "http://localhost:8000/" "Mozilla/5.0 (Windows NT 10.0; Win64; x64) AppleWebKit/537.36 (KHTML, like Gecko) Chrome/116.0.0.0 Safari/537.36"
::1 - - [30/Aug/2023:03:27:19 +0000] "GET / HTTP/1.1" 304 - "-" "Mozilla/5.0 (Windows NT 10.0; Win64; x64) AppleWebKit/537.36 (KHTML, like Gecko) Chrome/116.0.0.0 Safari/537.36"
::1 - - [30/Aug/2023:03:27:19 +0000] "GET /css/home-8965d79b66.css HTTP/1.1" 304 - "http://localhost:8000/" "Mozilla/5.0 (Windows NT 10.0; Win64; x64) AppleWebKit/537.36 (KHTML, like Gecko) Chrome/116.0.0.0 Safari/537.36"
::1 - - [30/Aug/2023:03:27:19 +0000] "GET /css/layout-304d407825.css HTTP/1.1" 304 - "http://localhost:8000/" "Mozilla/5.0 (Windows NT 10.0; Win64; x64) AppleWebKit/537.36 (KHTML, like Gecko) Chrome/116.0.0.0 Safari/537.36"
::1 - - [30/Aug/2023:03:27:19 +0000] "GET /css/header-8a270c3bd9.css HTTP/1.1" 304 - "http://localhost:8000/" "Mozilla/5.0 (Windows NT 10.0; Win64; x64) AppleWebKit/537.36 (KHTML, like Gecko) Chrome/116.0.0.0 Safari/537.36"
::1 - - [30/Aug/2023:03:27:19 +0000] "GET /css/footer-b1db247a46.css HTTP/1.1" 304 - "http://localhost:8000/" "Mozilla/5.0 (Windows NT 10.0; Win64; x64) AppleWebKit/537.36 (KHTML, like Gecko) Chrome/116.0.0.0 Safari/537.36"
::1 - - [30/Aug/2023:03:27:19 +0000] "GET /js/home_comment-2fd757c0ba.js HTTP/1.1" 304 - "http://localhost:8000/" "Mozilla/5.0 (Windows NT 10.0; Win64; x64) AppleWebKit/537.36 (KHTML, like Gecko) Chrome/116.0.0.0 Safari/537.36"
::1 - - [30/Aug/2023:03:27:19 +0000] "GET /js/home_post-8f9afa89c7.js HTTP/1.1" 304 - "http://localhost:8000/" "Mozilla/5.0 (Windows NT 10.0; Win64; x64) AppleWebKit/537.36 (KHTML, like Gecko) Chrome/116.0.0.0 Safari/537.36"
::1 - - [30/Aug/2023:03:27:19 +0000] "GET /js/home_likes-d243187a55.js HTTP/1.1" 304 - "http://localhost:8000/" "Mozilla/5.0 (Windows NT 10.0; Win64; x64) AppleWebKit/537.36 (KHTML, like Gecko) Chrome/116.0.0.0 Safari/537.36"
::1 - - [30/Aug/2023:03:27:19 +0000] "GET /js/chat_engine-b9deb09065.js HTTP/1.1" 304 - "http://localhost:8000/" "Mozilla/5.0 (Windows NT 10.0; Win64; x64) AppleWebKit/537.36 (KHTML, like Gecko) Chrome/116.0.0.0 Safari/537.36"
::1 - - [30/Aug/2023:03:27:19 +0000] "GET /js/layout-0359b12fd6.js HTTP/1.1" 304 - "http://localhost:8000/" "Mozilla/5.0 (Windows NT 10.0; Win64; x64) AppleWebKit/537.36 (KHTML, like Gecko) Chrome/116.0.0.0 Safari/537.36"
::1 - - [30/Aug/2023:03:27:22 +0000] "GET /css/home-8965d79b66.css HTTP/1.1" 304 - "http://localhost:8000/" "Mozilla/5.0 (Windows NT 10.0; Win64; x64) AppleWebKit/537.36 (KHTML, like Gecko) Chrome/116.0.0.0 Safari/537.36"
::1 - - [30/Aug/2023:03:27:22 +0000] "GET /css/layout-304d407825.css HTTP/1.1" 304 - "http://localhost:8000/" "Mozilla/5.0 (Windows NT 10.0; Win64; x64) AppleWebKit/537.36 (KHTML, like Gecko) Chrome/116.0.0.0 Safari/537.36"
::1 - - [30/Aug/2023:03:27:22 +0000] "GET /css/header-8a270c3bd9.css HTTP/1.1" 304 - "http://localhost:8000/" "Mozilla/5.0 (Windows NT 10.0; Win64; x64) AppleWebKit/537.36 (KHTML, like Gecko) Chrome/116.0.0.0 Safari/537.36"
::1 - - [30/Aug/2023:03:27:22 +0000] "GET /css/footer-b1db247a46.css HTTP/1.1" 304 - "http://localhost:8000/" "Mozilla/5.0 (Windows NT 10.0; Win64; x64) AppleWebKit/537.36 (KHTML, like Gecko) Chrome/116.0.0.0 Safari/537.36"
::1 - - [30/Aug/2023:03:27:29 +0000] "GET /users/signup HTTP/1.1" 200 2258 "http://localhost:8000/" "Mozilla/5.0 (Linux; Android 6.0; Nexus 5 Build/MRA58N) AppleWebKit/537.36 (KHTML, like Gecko) Chrome/116.0.0.0 Mobile Safari/537.36"
::1 - - [30/Aug/2023:03:27:29 +0000] "GET /css/layout-304d407825.css HTTP/1.1" 304 - "http://localhost:8000/users/signup" "Mozilla/5.0 (Linux; Android 6.0; Nexus 5 Build/MRA58N) AppleWebKit/537.36 (KHTML, like Gecko) Chrome/116.0.0.0 Mobile Safari/537.36"
::1 - - [30/Aug/2023:03:27:29 +0000] "GET /css/header-8a270c3bd9.css HTTP/1.1" 304 - "http://localhost:8000/users/signup" "Mozilla/5.0 (Linux; Android 6.0; Nexus 5 Build/MRA58N) AppleWebKit/537.36 (KHTML, like Gecko) Chrome/116.0.0.0 Mobile Safari/537.36"
::1 - - [30/Aug/2023:03:27:29 +0000] "GET /css/footer-b1db247a46.css HTTP/1.1" 304 - "http://localhost:8000/users/signup" "Mozilla/5.0 (Linux; Android 6.0; Nexus 5 Build/MRA58N) AppleWebKit/537.36 (KHTML, like Gecko) Chrome/116.0.0.0 Mobile Safari/537.36"
::1 - - [30/Aug/2023:03:27:29 +0000] "GET /js/layout-0359b12fd6.js HTTP/1.1" 304 - "http://localhost:8000/users/signup" "Mozilla/5.0 (Linux; Android 6.0; Nexus 5 Build/MRA58N) AppleWebKit/537.36 (KHTML, like Gecko) Chrome/116.0.0.0 Mobile Safari/537.36"
::1 - - [30/Aug/2023:03:27:30 +0000] "GET /users/signin HTTP/1.1" 200 2363 "http://localhost:8000/users/signup" "Mozilla/5.0 (Linux; Android 6.0; Nexus 5 Build/MRA58N) AppleWebKit/537.36 (KHTML, like Gecko) Chrome/116.0.0.0 Mobile Safari/537.36"
::1 - - [30/Aug/2023:03:27:30 +0000] "GET /css/layout-304d407825.css HTTP/1.1" 304 - "http://localhost:8000/users/signin" "Mozilla/5.0 (Linux; Android 6.0; Nexus 5 Build/MRA58N) AppleWebKit/537.36 (KHTML, like Gecko) Chrome/116.0.0.0 Mobile Safari/537.36"
::1 - - [30/Aug/2023:03:27:30 +0000] "GET /css/header-8a270c3bd9.css HTTP/1.1" 304 - "http://localhost:8000/users/signin" "Mozilla/5.0 (Linux; Android 6.0; Nexus 5 Build/MRA58N) AppleWebKit/537.36 (KHTML, like Gecko) Chrome/116.0.0.0 Mobile Safari/537.36"
::1 - - [30/Aug/2023:03:27:30 +0000] "GET /css/footer-b1db247a46.css HTTP/1.1" 304 - "http://localhost:8000/users/signin" "Mozilla/5.0 (Linux; Android 6.0; Nexus 5 Build/MRA58N) AppleWebKit/537.36 (KHTML, like Gecko) Chrome/116.0.0.0 Mobile Safari/537.36"
::1 - - [30/Aug/2023:03:27:30 +0000] "GET /js/layout-0359b12fd6.js HTTP/1.1" 304 - "http://localhost:8000/users/signin" "Mozilla/5.0 (Linux; Android 6.0; Nexus 5 Build/MRA58N) AppleWebKit/537.36 (KHTML, like Gecko) Chrome/116.0.0.0 Mobile Safari/537.36"
